TpTrace Verbose: 0 : 12284, 1, 2023/03/20, 21:42:26.834, 3002813046655, vstest.console.dll, Version: 17.4.0-release-20221019-01 Current process architecture: X64
TpTrace Verbose: 0 : 12284, 1, 2023/03/20, 21:42:26.838, 3002813079305, vstest.console.dll, Runtime location: C:\Program Files\dotnet\shared\Microsoft.NETCore.App\7.0.2
TpTrace Verbose: 0 : 12284, 1, 2023/03/20, 21:42:26.843, 3002813134637, vstest.console.dll, ArtifactProcessingPostProcessModeProcessorExecutor.Initialize: ArtifactProcessingMode.Collect
TpTrace Verbose: 0 : 12284, 1, 2023/03/20, 21:42:26.843, 3002813136392, vstest.console.dll, TestSessionCorrelationIdProcessorModeProcessorExecutor.Initialize: TestSessionCorrelationId '13164_6d84ec18-ea3b-4f6f-bdf8-007b05264c88'
TpTrace Information: 0 : 12284, 1, 2023/03/20, 21:42:26.853, 3002813233094, vstest.console.dll, FilePatternParser: The given file D:\Interview\CodeChallenge.UnitTests\bin\Debug\net6.0\fine-code-coverage\build-output\CodeChallenge.UnitTests.dll is a full path.
TpTrace Verbose: 0 : 12284, 1, 2023/03/20, 21:42:26.865, 3002813357441, vstest.console.dll, TestPluginCache.DiscoverTestExtensions: finding test extensions in assemblies ends with: RuntimeProvider.dll TPluginInfo: Microsoft.VisualStudio.TestPlatform.Common.ExtensionFramework.Utilities.TestRuntimePluginInformation TExtension: Microsoft.VisualStudio.TestPlatform.ObjectModel.Host.ITestRuntimeProvider
TpTrace Verbose: 0 : 12284, 1, 2023/03/20, 21:42:26.866, 3002813360204, vstest.console.dll, TestPluginCache.GetExtensionPaths: Filtered extension paths: 
TpTrace Verbose: 0 : 12284, 1, 2023/03/20, 21:42:26.866, 3002813361151, vstest.console.dll, TestPluginCache.GetExtensionPaths: Added default extension paths: C:\Program Files\dotnet\sdk\7.0.102\Extensions\Microsoft.Diagnostics.NETCore.Client.dll
C:\Program Files\dotnet\sdk\7.0.102\Extensions\Microsoft.TestPlatform.Extensions.BlameDataCollector.dll
C:\Program Files\dotnet\sdk\7.0.102\Extensions\Microsoft.TestPlatform.Extensions.EventLogCollector.dll
C:\Program Files\dotnet\sdk\7.0.102\Extensions\Microsoft.TestPlatform.TestHostRuntimeProvider.dll
C:\Program Files\dotnet\sdk\7.0.102\Extensions\Microsoft.VisualStudio.TestPlatform.Extensions.Html.TestLogger.dll
C:\Program Files\dotnet\sdk\7.0.102\Extensions\Microsoft.VisualStudio.TestPlatform.Extensions.Trx.TestLogger.dll
TpTrace Verbose: 0 : 12284, 1, 2023/03/20, 21:42:26.866, 3002813361541, vstest.console.dll, TestPluginCache.GetExtensionPaths: Added unfilterableExtensionPaths: 
TpTrace Information: 0 : 12284, 1, 2023/03/20, 21:42:26.867, 3002813371847, vstest.console.dll, AssemblyResolver.ctor: Creating AssemblyResolver with searchDirectories C:\Program Files\dotnet\sdk\7.0.102\Extensions,C:\Program Files\dotnet\sdk\7.0.102
TpTrace Verbose: 0 : 12284, 1, 2023/03/20, 21:42:26.870, 3002813406872, vstest.console.dll, TestPluginCache.DiscoverTestExtensions: Discovering the extensions using extension path.
TpTrace Verbose: 0 : 12284, 1, 2023/03/20, 21:42:26.871, 3002813409169, vstest.console.dll, TestPluginCache.GetExtensionPaths: Filtered extension paths: 
TpTrace Verbose: 0 : 12284, 1, 2023/03/20, 21:42:26.871, 3002813409738, vstest.console.dll, TestPluginCache.GetExtensionPaths: Added default extension paths: C:\Program Files\dotnet\sdk\7.0.102\Extensions\Microsoft.Diagnostics.NETCore.Client.dll
C:\Program Files\dotnet\sdk\7.0.102\Extensions\Microsoft.TestPlatform.Extensions.BlameDataCollector.dll
C:\Program Files\dotnet\sdk\7.0.102\Extensions\Microsoft.TestPlatform.Extensions.EventLogCollector.dll
C:\Program Files\dotnet\sdk\7.0.102\Extensions\Microsoft.TestPlatform.TestHostRuntimeProvider.dll
C:\Program Files\dotnet\sdk\7.0.102\Extensions\Microsoft.VisualStudio.TestPlatform.Extensions.Html.TestLogger.dll
C:\Program Files\dotnet\sdk\7.0.102\Extensions\Microsoft.VisualStudio.TestPlatform.Extensions.Trx.TestLogger.dll
TpTrace Verbose: 0 : 12284, 1, 2023/03/20, 21:42:26.871, 3002813410054, vstest.console.dll, TestPluginCache.GetExtensionPaths: Added unfilterableExtensionPaths: 
TpTrace Verbose: 0 : 12284, 1, 2023/03/20, 21:42:26.871, 3002813411366, vstest.console.dll, TestPluginCache.DiscoverTestExtensions: Discovering the extensions using allExtensionPaths: C:\Program Files\dotnet\sdk\7.0.102\Extensions\Microsoft.Diagnostics.NETCore.Client.dll
C:\Program Files\dotnet\sdk\7.0.102\Extensions\Microsoft.TestPlatform.Extensions.BlameDataCollector.dll
C:\Program Files\dotnet\sdk\7.0.102\Extensions\Microsoft.TestPlatform.Extensions.EventLogCollector.dll
C:\Program Files\dotnet\sdk\7.0.102\Extensions\Microsoft.TestPlatform.TestHostRuntimeProvider.dll
C:\Program Files\dotnet\sdk\7.0.102\Extensions\Microsoft.VisualStudio.TestPlatform.Extensions.Html.TestLogger.dll
C:\Program Files\dotnet\sdk\7.0.102\Extensions\Microsoft.VisualStudio.TestPlatform.Extensions.Trx.TestLogger.dll
TpTrace Information: 0 : 12284, 1, 2023/03/20, 21:42:26.871, 3002813413447, vstest.console.dll, AssemblyResolver.AddSearchDirectories: Adding more searchDirectories C:\Program Files\dotnet\sdk\7.0.102\Extensions,C:\Program Files\dotnet\sdk\7.0.102
TpTrace Information: 0 : 12284, 1, 2023/03/20, 21:42:26.871, 3002813414336, vstest.console.dll, AssemblyResolver.AddSearchDirectories: Adding more searchDirectories C:\Program Files\dotnet\sdk\7.0.102\Extensions,C:\Program Files\dotnet\sdk\7.0.102
TpTrace Information: 0 : 12284, 1, 2023/03/20, 21:42:26.871, 3002813414706, vstest.console.dll, AssemblyResolver.AddSearchDirectories: Adding more searchDirectories C:\Program Files\dotnet\sdk\7.0.102\Extensions,C:\Program Files\dotnet\sdk\7.0.102
TpTrace Information: 0 : 12284, 1, 2023/03/20, 21:42:26.871, 3002813415003, vstest.console.dll, AssemblyResolver.AddSearchDirectories: Adding more searchDirectories C:\Program Files\dotnet\sdk\7.0.102\Extensions,C:\Program Files\dotnet\sdk\7.0.102
TpTrace Information: 0 : 12284, 1, 2023/03/20, 21:42:26.871, 3002813415347, vstest.console.dll, AssemblyResolver.AddSearchDirectories: Adding more searchDirectories C:\Program Files\dotnet\sdk\7.0.102\Extensions,C:\Program Files\dotnet\sdk\7.0.102
TpTrace Information: 0 : 12284, 1, 2023/03/20, 21:42:26.871, 3002813415636, vstest.console.dll, AssemblyResolver.AddSearchDirectories: Adding more searchDirectories C:\Program Files\dotnet\sdk\7.0.102\Extensions,C:\Program Files\dotnet\sdk\7.0.102
TpTrace Information: 0 : 12284, 1, 2023/03/20, 21:42:26.872, 3002813421049, vstest.console.dll, AssemblyResolver.OnResolve: Microsoft.Diagnostics.NETCore.Client: Resolving assembly.
TpTrace Information: 0 : 12284, 1, 2023/03/20, 21:42:26.872, 3002813422033, vstest.console.dll, AssemblyResolver.OnResolve: Microsoft.Diagnostics.NETCore.Client: Searching in: 'C:\Program Files\dotnet\sdk\7.0.102\Extensions'.
TpTrace Information: 0 : 12284, 1, 2023/03/20, 21:42:26.886, 3002813561680, vstest.console.dll, AssemblyResolver.OnResolve: Microsoft.Diagnostics.NETCore.Client: Loading assembly 'C:\Program Files\dotnet\sdk\7.0.102\Extensions\Microsoft.Diagnostics.NETCore.Client.dll'.
TpTrace Information: 0 : 12284, 1, 2023/03/20, 21:42:26.889, 3002813588801, vstest.console.dll, AssemblyResolver.OnResolve: Resolved assembly: Microsoft.Diagnostics.NETCore.Client, from path: C:\Program Files\dotnet\sdk\7.0.102\Extensions\Microsoft.Diagnostics.NETCore.Client.dll
TpTrace Verbose: 0 : 12284, 1, 2023/03/20, 21:42:26.890, 3002813604129, vstest.console.dll, MetadataReaderExtensionsHelper: Discovering extensions inside assembly 'Microsoft.Diagnostics.NETCore.Client, Version=0.2.6.42401, Culture=neutral, PublicKeyToken=31bf3856ad364e35' file path 'C:\Program Files\dotnet\sdk\7.0.102\Extensions\Microsoft.Diagnostics.NETCore.Client.dll'
TpTrace Information: 0 : 12284, 1, 2023/03/20, 21:42:26.896, 3002813659205, vstest.console.dll, AssemblyResolver.OnResolve: Microsoft.Bcl.AsyncInterfaces: Resolving assembly.
TpTrace Information: 0 : 12284, 1, 2023/03/20, 21:42:26.896, 3002813660367, vstest.console.dll, AssemblyResolver.OnResolve: Microsoft.Bcl.AsyncInterfaces: Searching in: 'C:\Program Files\dotnet\sdk\7.0.102\Extensions'.
TpTrace Information: 0 : 12284, 1, 2023/03/20, 21:42:26.896, 3002813661586, vstest.console.dll, AssemblyResolver.OnResolve: Microsoft.Bcl.AsyncInterfaces: Assembly path does not exist: 'C:\Program Files\dotnet\sdk\7.0.102\Extensions\Microsoft.Bcl.AsyncInterfaces.dll', returning.
TpTrace Information: 0 : 12284, 1, 2023/03/20, 21:42:26.896, 3002813663061, vstest.console.dll, AssemblyResolver.OnResolve: Microsoft.Bcl.AsyncInterfaces: Assembly path does not exist: 'C:\Program Files\dotnet\sdk\7.0.102\Extensions\Microsoft.Bcl.AsyncInterfaces.exe', returning.
TpTrace Information: 0 : 12284, 1, 2023/03/20, 21:42:26.896, 3002813663465, vstest.console.dll, AssemblyResolver.OnResolve: Microsoft.Bcl.AsyncInterfaces: Searching in: 'C:\Program Files\dotnet\sdk\7.0.102'.
TpTrace Information: 0 : 12284, 1, 2023/03/20, 21:42:26.896, 3002813664269, vstest.console.dll, AssemblyResolver.OnResolve: Microsoft.Bcl.AsyncInterfaces: Assembly path does not exist: 'C:\Program Files\dotnet\sdk\7.0.102\Microsoft.Bcl.AsyncInterfaces.dll', returning.
TpTrace Information: 0 : 12284, 1, 2023/03/20, 21:42:26.896, 3002813665082, vstest.console.dll, AssemblyResolver.OnResolve: Microsoft.Bcl.AsyncInterfaces: Assembly path does not exist: 'C:\Program Files\dotnet\sdk\7.0.102\Microsoft.Bcl.AsyncInterfaces.exe', returning.
TpTrace Information: 0 : 12284, 1, 2023/03/20, 21:42:26.896, 3002813665421, vstest.console.dll, AssemblyResolver.OnResolve: Microsoft.Bcl.AsyncInterfaces: Failed to load assembly.
TpTrace Verbose: 0 : 12284, 1, 2023/03/20, 21:42:26.896, 3002813665785, vstest.console.dll, CurrentDomainAssemblyResolve: Resolving assembly 'Microsoft.Bcl.AsyncInterfaces'.
TpTrace Information: 0 : 12284, 1, 2023/03/20, 21:42:26.896, 3002813666433, vstest.console.dll, AssemblyResolver.OnResolve: Microsoft.Bcl.AsyncInterfaces: Resolving assembly.
TpTrace Information: 0 : 12284, 1, 2023/03/20, 21:42:26.896, 3002813666894, vstest.console.dll, AssemblyResolver.OnResolve: Microsoft.Bcl.AsyncInterfaces: Resolved from cache.
TpTrace Verbose: 0 : 12284, 1, 2023/03/20, 21:42:26.896, 3002813667237, vstest.console.dll, CurrentDomainAssemblyResolve: Resolving assembly 'Microsoft.Bcl.AsyncInterfaces'.
TpTrace Verbose: 0 : 12284, 1, 2023/03/20, 21:42:26.896, 3002813667603, vstest.console.dll, CurrentDomainAssemblyResolve: Failed to resolve assembly 'Microsoft.Bcl.AsyncInterfaces'.
TpTrace Verbose: 0 : 12284, 1, 2023/03/20, 21:42:26.906, 3002813763958, vstest.console.dll, CurrentDomainAssemblyResolve: Failed to resolve assembly 'Microsoft.Bcl.AsyncInterfaces'.
TpTrace Warning: 0 : 12284, 1, 2023/03/20, 21:42:26.921, 3002813912514, vstest.console.dll, TestPluginDiscoverer: Failed to get types from assembly 'Microsoft.Diagnostics.NETCore.Client, Version=0.2.6.42401, Culture=neutral, PublicKeyToken=31bf3856ad364e35'. Error: System.Reflection.ReflectionTypeLoadException: Unable to load one or more of the requested types.
Could not load file or assembly 'Microsoft.Bcl.AsyncInterfaces, Version=1.0.0.0, Culture=neutral, PublicKeyToken=cc7b13ffcd2ddd51'. The system cannot find the file specified.
   at System.Reflection.RuntimeModule.GetTypes(RuntimeModule module)
   at System.Reflection.Assembly.GetTypes()
   at Microsoft.VisualStudio.TestPlatform.Common.ExtensionFramework.TestPluginDiscoverer.GetTestExtensionsFromAssembly[TPluginInfo,TExtension](Assembly assembly, Dictionary`2 pluginInfos, String filePath)
System.IO.FileNotFoundException: Could not load file or assembly 'Microsoft.Bcl.AsyncInterfaces, Version=1.0.0.0, Culture=neutral, PublicKeyToken=cc7b13ffcd2ddd51'. The system cannot find the file specified.
File name: 'Microsoft.Bcl.AsyncInterfaces, Version=1.0.0.0, Culture=neutral, PublicKeyToken=cc7b13ffcd2ddd51'
 ---> System.IO.FileNotFoundException: Could not load file or assembly 'Microsoft.Bcl.AsyncInterfaces, Culture=neutral, PublicKeyToken=null'. The system cannot find the file specified.
File name: 'Microsoft.Bcl.AsyncInterfaces, Culture=neutral, PublicKeyToken=null'
   at System.Reflection.RuntimeAssembly.InternalLoad(AssemblyName assemblyName, StackCrawlMark& stackMark, AssemblyLoadContext assemblyLoadContext, RuntimeAssembly requestingAssembly, Boolean throwOnFileNotFound)
   at System.Reflection.Assembly.Load(AssemblyName assemblyRef)
   at Microsoft.VisualStudio.TestPlatform.Common.ExtensionFramework.TestPluginCache.CurrentDomainAssemblyResolve(Object sender, AssemblyResolveEventArgs args)
   at System.Runtime.Loader.AssemblyLoadContext.GetFirstResolvedAssemblyFromResolvingEvent(AssemblyName assemblyName)
   at System.Runtime.Loader.AssemblyLoadContext.ResolveUsingEvent(AssemblyName assemblyName)
   at System.Runtime.Loader.AssemblyLoadContext.ResolveUsingResolvingEvent(IntPtr gchManagedAssemblyLoadContext, AssemblyName assemblyName)
TpTrace Warning: 0 : 12284, 1, 2023/03/20, 21:42:26.921, 3002813917508, vstest.console.dll, LoaderExceptions: System.IO.FileNotFoundException: Could not load file or assembly 'Microsoft.Bcl.AsyncInterfaces, Version=1.0.0.0, Culture=neutral, PublicKeyToken=cc7b13ffcd2ddd51'. The system cannot find the file specified.
File name: 'Microsoft.Bcl.AsyncInterfaces, Version=1.0.0.0, Culture=neutral, PublicKeyToken=cc7b13ffcd2ddd51'
 ---> System.IO.FileNotFoundException: Could not load file or assembly 'Microsoft.Bcl.AsyncInterfaces, Culture=neutral, PublicKeyToken=null'. The system cannot find the file specified.
File name: 'Microsoft.Bcl.AsyncInterfaces, Culture=neutral, PublicKeyToken=null'
   at System.Reflection.RuntimeAssembly.InternalLoad(AssemblyName assemblyName, StackCrawlMark& stackMark, AssemblyLoadContext assemblyLoadContext, RuntimeAssembly requestingAssembly, Boolean throwOnFileNotFound)
   at System.Reflection.Assembly.Load(AssemblyName assemblyRef)
   at Microsoft.VisualStudio.TestPlatform.Common.ExtensionFramework.TestPluginCache.CurrentDomainAssemblyResolve(Object sender, AssemblyResolveEventArgs args)
   at System.Runtime.Loader.AssemblyLoadContext.GetFirstResolvedAssemblyFromResolvingEvent(AssemblyName assemblyName)
   at System.Runtime.Loader.AssemblyLoadContext.ResolveUsingEvent(AssemblyName assemblyName)
   at System.Runtime.Loader.AssemblyLoadContext.ResolveUsingResolvingEvent(IntPtr gchManagedAssemblyLoadContext, AssemblyName assemblyName)
TpTrace Information: 0 : 12284, 1, 2023/03/20, 21:42:26.922, 3002813919838, vstest.console.dll, AssemblyResolver.OnResolve: Microsoft.TestPlatform.Extensions.BlameDataCollector: Resolving assembly.
TpTrace Information: 0 : 12284, 1, 2023/03/20, 21:42:26.922, 3002813920346, vstest.console.dll, AssemblyResolver.OnResolve: Microsoft.TestPlatform.Extensions.BlameDataCollector: Searching in: 'C:\Program Files\dotnet\sdk\7.0.102\Extensions'.
TpTrace Information: 0 : 12284, 1, 2023/03/20, 21:42:26.923, 3002813933060, vstest.console.dll, AssemblyResolver.OnResolve: Microsoft.TestPlatform.Extensions.BlameDataCollector: Loading assembly 'C:\Program Files\dotnet\sdk\7.0.102\Extensions\Microsoft.TestPlatform.Extensions.BlameDataCollector.dll'.
TpTrace Information: 0 : 12284, 1, 2023/03/20, 21:42:26.924, 3002813946750, vstest.console.dll, AssemblyResolver.OnResolve: Resolved assembly: Microsoft.TestPlatform.Extensions.BlameDataCollector, from path: C:\Program Files\dotnet\sdk\7.0.102\Extensions\Microsoft.TestPlatform.Extensions.BlameDataCollector.dll
TpTrace Verbose: 0 : 12284, 1, 2023/03/20, 21:42:26.925, 3002813948496, vstest.console.dll, MetadataReaderExtensionsHelper: Discovering extensions inside assembly 'Microsoft.TestPlatform.Extensions.BlameDataCollector, Version=15.0.0.0, Culture=neutral, PublicKeyToken=b03f5f7f11d50a3a' file path 'C:\Program Files\dotnet\sdk\7.0.102\Extensions\Microsoft.TestPlatform.Extensions.BlameDataCollector.dll'
TpTrace Information: 0 : 12284, 1, 2023/03/20, 21:42:26.927, 3002813978087, vstest.console.dll, AssemblyResolver.OnResolve: Microsoft.TestPlatform.Extensions.EventLogCollector: Resolving assembly.
TpTrace Information: 0 : 12284, 1, 2023/03/20, 21:42:26.928, 3002813979219, vstest.console.dll, AssemblyResolver.OnResolve: Microsoft.TestPlatform.Extensions.EventLogCollector: Searching in: 'C:\Program Files\dotnet\sdk\7.0.102\Extensions'.
TpTrace Information: 0 : 12284, 1, 2023/03/20, 21:42:26.929, 3002813988514, vstest.console.dll, AssemblyResolver.OnResolve: Microsoft.TestPlatform.Extensions.EventLogCollector: Loading assembly 'C:\Program Files\dotnet\sdk\7.0.102\Extensions\Microsoft.TestPlatform.Extensions.EventLogCollector.dll'.
TpTrace Information: 0 : 12284, 1, 2023/03/20, 21:42:26.929, 3002813997850, vstest.console.dll, AssemblyResolver.OnResolve: Resolved assembly: Microsoft.TestPlatform.Extensions.EventLogCollector, from path: C:\Program Files\dotnet\sdk\7.0.102\Extensions\Microsoft.TestPlatform.Extensions.EventLogCollector.dll
TpTrace Verbose: 0 : 12284, 1, 2023/03/20, 21:42:26.930, 3002813999123, vstest.console.dll, MetadataReaderExtensionsHelper: Discovering extensions inside assembly 'Microsoft.TestPlatform.Extensions.EventLogCollector, Version=15.0.0.0, Culture=neutral, PublicKeyToken=b03f5f7f11d50a3a' file path 'C:\Program Files\dotnet\sdk\7.0.102\Extensions\Microsoft.TestPlatform.Extensions.EventLogCollector.dll'
TpTrace Information: 0 : 12284, 1, 2023/03/20, 21:42:26.934, 3002814045103, vstest.console.dll, AssemblyResolver.OnResolve: Microsoft.TestPlatform.TestHostRuntimeProvider: Resolving assembly.
TpTrace Information: 0 : 12284, 1, 2023/03/20, 21:42:26.934, 3002814046374, vstest.console.dll, AssemblyResolver.OnResolve: Microsoft.TestPlatform.TestHostRuntimeProvider: Searching in: 'C:\Program Files\dotnet\sdk\7.0.102\Extensions'.
TpTrace Information: 0 : 12284, 1, 2023/03/20, 21:42:26.935, 3002814055622, vstest.console.dll, AssemblyResolver.OnResolve: Microsoft.TestPlatform.TestHostRuntimeProvider: Loading assembly 'C:\Program Files\dotnet\sdk\7.0.102\Extensions\Microsoft.TestPlatform.TestHostRuntimeProvider.dll'.
TpTrace Information: 0 : 12284, 1, 2023/03/20, 21:42:26.936, 3002814067988, vstest.console.dll, AssemblyResolver.OnResolve: Resolved assembly: Microsoft.TestPlatform.TestHostRuntimeProvider, from path: C:\Program Files\dotnet\sdk\7.0.102\Extensions\Microsoft.TestPlatform.TestHostRuntimeProvider.dll
TpTrace Verbose: 0 : 12284, 1, 2023/03/20, 21:42:26.937, 3002814069710, vstest.console.dll, MetadataReaderExtensionsHelper: Discovering extensions inside assembly 'Microsoft.TestPlatform.TestHostRuntimeProvider, Version=15.0.0.0, Culture=neutral, PublicKeyToken=b03f5f7f11d50a3a' file path 'C:\Program Files\dotnet\sdk\7.0.102\Extensions\Microsoft.TestPlatform.TestHostRuntimeProvider.dll'
TpTrace Information: 0 : 12284, 1, 2023/03/20, 21:42:26.941, 3002814109872, vstest.console.dll, GetTestExtensionFromType: Register extension with identifier data 'HostProvider://DefaultTestHost' and type 'Microsoft.VisualStudio.TestPlatform.CrossPlatEngine.Hosting.DefaultTestHostManager, Microsoft.TestPlatform.TestHostRuntimeProvider, Version=15.0.0.0, Culture=neutral, PublicKeyToken=b03f5f7f11d50a3a' inside file 'C:\Program Files\dotnet\sdk\7.0.102\Extensions\Microsoft.TestPlatform.TestHostRuntimeProvider.dll'
TpTrace Information: 0 : 12284, 1, 2023/03/20, 21:42:26.941, 3002814114549, vstest.console.dll, GetTestExtensionFromType: Register extension with identifier data 'HostProvider://DotnetTestHost' and type 'Microsoft.VisualStudio.TestPlatform.CrossPlatEngine.Hosting.DotnetTestHostManager, Microsoft.TestPlatform.TestHostRuntimeProvider, Version=15.0.0.0, Culture=neutral, PublicKeyToken=b03f5f7f11d50a3a' inside file 'C:\Program Files\dotnet\sdk\7.0.102\Extensions\Microsoft.TestPlatform.TestHostRuntimeProvider.dll'
TpTrace Information: 0 : 12284, 1, 2023/03/20, 21:42:26.941, 3002814115752, vstest.console.dll, AssemblyResolver.OnResolve: Microsoft.VisualStudio.TestPlatform.Extensions.Html.TestLogger: Resolving assembly.
TpTrace Information: 0 : 12284, 1, 2023/03/20, 21:42:26.941, 3002814116203, vstest.console.dll, AssemblyResolver.OnResolve: Microsoft.VisualStudio.TestPlatform.Extensions.Html.TestLogger: Searching in: 'C:\Program Files\dotnet\sdk\7.0.102\Extensions'.
TpTrace Information: 0 : 12284, 1, 2023/03/20, 21:42:26.942, 3002814125878, vstest.console.dll, AssemblyResolver.OnResolve: Microsoft.VisualStudio.TestPlatform.Extensions.Html.TestLogger: Loading assembly 'C:\Program Files\dotnet\sdk\7.0.102\Extensions\Microsoft.VisualStudio.TestPlatform.Extensions.Html.TestLogger.dll'.
TpTrace Information: 0 : 12284, 1, 2023/03/20, 21:42:26.943, 3002814137383, vstest.console.dll, AssemblyResolver.OnResolve: Resolved assembly: Microsoft.VisualStudio.TestPlatform.Extensions.Html.TestLogger, from path: C:\Program Files\dotnet\sdk\7.0.102\Extensions\Microsoft.VisualStudio.TestPlatform.Extensions.Html.TestLogger.dll
TpTrace Verbose: 0 : 12284, 1, 2023/03/20, 21:42:26.944, 3002814139170, vstest.console.dll, MetadataReaderExtensionsHelper: Discovering extensions inside assembly 'Microsoft.VisualStudio.TestPlatform.Extensions.Html.TestLogger, Version=15.0.0.0, Culture=neutral, PublicKeyToken=b03f5f7f11d50a3a' file path 'C:\Program Files\dotnet\sdk\7.0.102\Extensions\Microsoft.VisualStudio.TestPlatform.Extensions.Html.TestLogger.dll'
TpTrace Information: 0 : 12284, 1, 2023/03/20, 21:42:26.945, 3002814155056, vstest.console.dll, AssemblyResolver.OnResolve: Microsoft.VisualStudio.TestPlatform.Extensions.Trx.TestLogger: Resolving assembly.
TpTrace Information: 0 : 12284, 1, 2023/03/20, 21:42:26.945, 3002814156211, vstest.console.dll, AssemblyResolver.OnResolve: Microsoft.VisualStudio.TestPlatform.Extensions.Trx.TestLogger: Searching in: 'C:\Program Files\dotnet\sdk\7.0.102\Extensions'.
TpTrace Information: 0 : 12284, 1, 2023/03/20, 21:42:26.947, 3002814169479, vstest.console.dll, AssemblyResolver.OnResolve: Microsoft.VisualStudio.TestPlatform.Extensions.Trx.TestLogger: Loading assembly 'C:\Program Files\dotnet\sdk\7.0.102\Extensions\Microsoft.VisualStudio.TestPlatform.Extensions.Trx.TestLogger.dll'.
TpTrace Information: 0 : 12284, 1, 2023/03/20, 21:42:26.949, 3002814188752, vstest.console.dll, AssemblyResolver.OnResolve: Resolved assembly: Microsoft.VisualStudio.TestPlatform.Extensions.Trx.TestLogger, from path: C:\Program Files\dotnet\sdk\7.0.102\Extensions\Microsoft.VisualStudio.TestPlatform.Extensions.Trx.TestLogger.dll
TpTrace Verbose: 0 : 12284, 1, 2023/03/20, 21:42:26.949, 3002814190826, vstest.console.dll, MetadataReaderExtensionsHelper: Discovering extensions inside assembly 'Microsoft.VisualStudio.TestPlatform.Extensions.Trx.TestLogger, Version=15.0.0.0, Culture=neutral, PublicKeyToken=b03f5f7f11d50a3a' file path 'C:\Program Files\dotnet\sdk\7.0.102\Extensions\Microsoft.VisualStudio.TestPlatform.Extensions.Trx.TestLogger.dll'
TpTrace Verbose: 0 : 12284, 1, 2023/03/20, 21:42:26.951, 3002814213996, vstest.console.dll, TestPluginCache: Discovered the extensions using extension path ''.
TpTrace Verbose: 0 : 12284, 1, 2023/03/20, 21:42:26.951, 3002814215210, vstest.console.dll, TestPluginCache: Discoverers are ''.
TpTrace Verbose: 0 : 12284, 1, 2023/03/20, 21:42:26.951, 3002814215455, vstest.console.dll, TestPluginCache: Executors are ''.
TpTrace Verbose: 0 : 12284, 1, 2023/03/20, 21:42:26.951, 3002814215657, vstest.console.dll, TestPluginCache: Executors2 are ''.
TpTrace Verbose: 0 : 12284, 1, 2023/03/20, 21:42:26.951, 3002814215850, vstest.console.dll, TestPluginCache: Setting providers are ''.
TpTrace Verbose: 0 : 12284, 1, 2023/03/20, 21:42:26.951, 3002814216043, vstest.console.dll, TestPluginCache: Loggers are ''.
TpTrace Verbose: 0 : 12284, 1, 2023/03/20, 21:42:26.951, 3002814217338, vstest.console.dll, TestPluginCache: TestHosts are 'HostProvider://DefaultTestHost,HostProvider://DotnetTestHost'.
TpTrace Verbose: 0 : 12284, 1, 2023/03/20, 21:42:26.951, 3002814217685, vstest.console.dll, TestPluginCache: DataCollectors are ''.
TpTrace Information: 0 : 12284, 1, 2023/03/20, 21:42:26.978, 3002814479058, vstest.console.dll, RunTestsArgumentProcessor:Execute: Test run is starting.
TpTrace Verbose: 0 : 12284, 1, 2023/03/20, 21:42:26.978, 3002814480141, vstest.console.dll, RunTestsArgumentProcessor:Execute: Queuing Test run.
TpTrace Information: 0 : 12284, 1, 2023/03/20, 21:42:26.978, 3002814483015, vstest.console.dll, TestRequestManager.RunTests: run tests started.
TpTrace Information: 0 : 12284, 1, 2023/03/20, 21:42:26.980, 3002814499206, vstest.console.dll, AssemblyMetadataProvider.GetFrameworkName: Determined framework:'.NETCoreApp,Version=v6.0' for source: 'D:\Interview\CodeChallenge.UnitTests\bin\Debug\net6.0\fine-code-coverage\build-output\CodeChallenge.UnitTests.dll'
TpTrace Information: 0 : 12284, 1, 2023/03/20, 21:42:26.980, 3002814502783, vstest.console.dll, Determined framework for all sources: .NETCoreApp,Version=v6.0
TpTrace Verbose: 0 : 12284, 1, 2023/03/20, 21:42:26.980, 3002814507778, vstest.console.dll, TestRequestManager.UpdateRunSettingsIfRequired: Default architecture: X64 IsDefaultTargetArchitecture: True, Current process architecture: X64 OperatingSystem: Windows.
TpTrace Information: 0 : 12284, 1, 2023/03/20, 21:42:26.982, 3002814527150, vstest.console.dll, AssemblyMetadataProvider.GetArchitecture: Determined architecture:AnyCPU info for assembly: D:\Interview\CodeChallenge.UnitTests\bin\Debug\net6.0\fine-code-coverage\build-output\CodeChallenge.UnitTests.dll
TpTrace Information: 0 : 12284, 1, 2023/03/20, 21:42:26.982, 3002814528047, vstest.console.dll, Determined platform for source 'D:\Interview\CodeChallenge.UnitTests\bin\Debug\net6.0\fine-code-coverage\build-output\CodeChallenge.UnitTests.dll' was AnyCPU and it will use the default plaform X64.
TpTrace Information: 0 : 12284, 1, 2023/03/20, 21:42:26.982, 3002814528316, vstest.console.dll, None of the sources provided any runnable platform, using the default platform: X64
TpTrace Information: 0 : 12284, 1, 2023/03/20, 21:42:26.983, 3002814529359, vstest.console.dll, Platform was updated to 'X64'.
TpTrace Information: 0 : 12284, 1, 2023/03/20, 21:42:26.988, 3002814583943, vstest.console.dll, InferRunSettingsHelper.IsTestSettingsEnabled: Unable to navigate to RunSettings/MSTest. Current node: RunSettings
TpTrace Information: 0 : 12284, 1, 2023/03/20, 21:42:26.989, 3002814591359, vstest.console.dll, AssemblyResolver.OnResolve: Microsoft.VisualStudio.TestPlatform.Fakes: Resolving assembly.
TpTrace Information: 0 : 12284, 1, 2023/03/20, 21:42:26.989, 3002814592198, vstest.console.dll, AssemblyResolver.OnResolve: Microsoft.VisualStudio.TestPlatform.Fakes: Searching in: 'C:\Program Files\dotnet\sdk\7.0.102\Extensions'.
TpTrace Information: 0 : 12284, 1, 2023/03/20, 21:42:26.989, 3002814593405, vstest.console.dll, AssemblyResolver.OnResolve: Microsoft.VisualStudio.TestPlatform.Fakes: Assembly path does not exist: 'C:\Program Files\dotnet\sdk\7.0.102\Extensions\Microsoft.VisualStudio.TestPlatform.Fakes.dll', returning.
TpTrace Information: 0 : 12284, 1, 2023/03/20, 21:42:26.989, 3002814594239, vstest.console.dll, AssemblyResolver.OnResolve: Microsoft.VisualStudio.TestPlatform.Fakes: Assembly path does not exist: 'C:\Program Files\dotnet\sdk\7.0.102\Extensions\Microsoft.VisualStudio.TestPlatform.Fakes.exe', returning.
TpTrace Information: 0 : 12284, 1, 2023/03/20, 21:42:26.989, 3002814594545, vstest.console.dll, AssemblyResolver.OnResolve: Microsoft.VisualStudio.TestPlatform.Fakes: Searching in: 'C:\Program Files\dotnet\sdk\7.0.102'.
TpTrace Information: 0 : 12284, 1, 2023/03/20, 21:42:26.989, 3002814595170, vstest.console.dll, AssemblyResolver.OnResolve: Microsoft.VisualStudio.TestPlatform.Fakes: Assembly path does not exist: 'C:\Program Files\dotnet\sdk\7.0.102\Microsoft.VisualStudio.TestPlatform.Fakes.dll', returning.
TpTrace Information: 0 : 12284, 1, 2023/03/20, 21:42:26.989, 3002814595842, vstest.console.dll, AssemblyResolver.OnResolve: Microsoft.VisualStudio.TestPlatform.Fakes: Assembly path does not exist: 'C:\Program Files\dotnet\sdk\7.0.102\Microsoft.VisualStudio.TestPlatform.Fakes.exe', returning.
TpTrace Information: 0 : 12284, 1, 2023/03/20, 21:42:26.989, 3002814596152, vstest.console.dll, AssemblyResolver.OnResolve: Microsoft.VisualStudio.TestPlatform.Fakes: Failed to load assembly.
TpTrace Information: 0 : 12284, 1, 2023/03/20, 21:42:26.990, 3002814598764, vstest.console.dll, Failed to load assembly Microsoft.VisualStudio.TestPlatform.Fakes, Version=17.0.0.0, Culture=neutral. Reason:System.IO.FileNotFoundException: Could not load file or assembly 'Microsoft.VisualStudio.TestPlatform.Fakes, Version=17.0.0.0, Culture=neutral, PublicKeyToken=null'. The system cannot find the file specified.
File name: 'Microsoft.VisualStudio.TestPlatform.Fakes, Version=17.0.0.0, Culture=neutral, PublicKeyToken=null'
   at System.Reflection.RuntimeAssembly.InternalLoad(AssemblyName assemblyName, StackCrawlMark& stackMark, AssemblyLoadContext assemblyLoadContext, RuntimeAssembly requestingAssembly, Boolean throwOnFileNotFound)
   at System.Reflection.Assembly.Load(AssemblyName assemblyRef)
   at Microsoft.VisualStudio.TestPlatform.Common.Utilities.FakesUtilities.LoadTestPlatformAssembly()
TpTrace Verbose: 0 : 12284, 1, 2023/03/20, 21:42:26.994, 3002814639169, vstest.console.dll, TestPluginCache.DiscoverTestExtensions: finding test extensions in assemblies ends with: TestLogger.dll TPluginInfo: Microsoft.VisualStudio.TestPlatform.Common.ExtensionFramework.Utilities.TestLoggerPluginInformation TExtension: Microsoft.VisualStudio.TestPlatform.ObjectModel.Client.ITestLogger
TpTrace Verbose: 0 : 12284, 1, 2023/03/20, 21:42:26.994, 3002814640630, vstest.console.dll, TestPluginCache.GetExtensionPaths: Filtered extension paths: 
TpTrace Verbose: 0 : 12284, 1, 2023/03/20, 21:42:26.994, 3002814641030, vstest.console.dll, TestPluginCache.GetExtensionPaths: Added default extension paths: C:\Program Files\dotnet\sdk\7.0.102\Extensions\Microsoft.Diagnostics.NETCore.Client.dll
C:\Program Files\dotnet\sdk\7.0.102\Extensions\Microsoft.TestPlatform.Extensions.BlameDataCollector.dll
C:\Program Files\dotnet\sdk\7.0.102\Extensions\Microsoft.TestPlatform.Extensions.EventLogCollector.dll
C:\Program Files\dotnet\sdk\7.0.102\Extensions\Microsoft.TestPlatform.TestHostRuntimeProvider.dll
C:\Program Files\dotnet\sdk\7.0.102\Extensions\Microsoft.VisualStudio.TestPlatform.Extensions.Html.TestLogger.dll
C:\Program Files\dotnet\sdk\7.0.102\Extensions\Microsoft.VisualStudio.TestPlatform.Extensions.Trx.TestLogger.dll
TpTrace Verbose: 0 : 12284, 1, 2023/03/20, 21:42:26.994, 3002814641483, vstest.console.dll, TestPluginCache.GetExtensionPaths: Added unfilterableExtensionPaths: 
TpTrace Information: 0 : 12284, 1, 2023/03/20, 21:42:26.994, 3002814643331, vstest.console.dll, AssemblyResolver.AddSearchDirectories: Adding more searchDirectories C:\Program Files\dotnet\sdk\7.0.102\Extensions,C:\Program Files\dotnet\sdk\7.0.102
TpTrace Verbose: 0 : 12284, 1, 2023/03/20, 21:42:26.994, 3002814643834, vstest.console.dll, TestPluginCache.DiscoverTestExtensions: Discovering the extensions using extension path.
TpTrace Verbose: 0 : 12284, 1, 2023/03/20, 21:42:26.994, 3002814644494, vstest.console.dll, TestPluginCache.GetExtensionPaths: Filtered extension paths: 
TpTrace Verbose: 0 : 12284, 1, 2023/03/20, 21:42:26.994, 3002814644813, vstest.console.dll, TestPluginCache.GetExtensionPaths: Added default extension paths: C:\Program Files\dotnet\sdk\7.0.102\Extensions\Microsoft.Diagnostics.NETCore.Client.dll
C:\Program Files\dotnet\sdk\7.0.102\Extensions\Microsoft.TestPlatform.Extensions.BlameDataCollector.dll
C:\Program Files\dotnet\sdk\7.0.102\Extensions\Microsoft.TestPlatform.Extensions.EventLogCollector.dll
C:\Program Files\dotnet\sdk\7.0.102\Extensions\Microsoft.TestPlatform.TestHostRuntimeProvider.dll
C:\Program Files\dotnet\sdk\7.0.102\Extensions\Microsoft.VisualStudio.TestPlatform.Extensions.Html.TestLogger.dll
C:\Program Files\dotnet\sdk\7.0.102\Extensions\Microsoft.VisualStudio.TestPlatform.Extensions.Trx.TestLogger.dll
TpTrace Verbose: 0 : 12284, 1, 2023/03/20, 21:42:26.994, 3002814645052, vstest.console.dll, TestPluginCache.GetExtensionPaths: Added unfilterableExtensionPaths: 
TpTrace Verbose: 0 : 12284, 1, 2023/03/20, 21:42:26.994, 3002814645432, vstest.console.dll, TestPluginCache.DiscoverTestExtensions: Discovering the extensions using allExtensionPaths: C:\Program Files\dotnet\sdk\7.0.102\Extensions\Microsoft.Diagnostics.NETCore.Client.dll
C:\Program Files\dotnet\sdk\7.0.102\Extensions\Microsoft.TestPlatform.Extensions.BlameDataCollector.dll
C:\Program Files\dotnet\sdk\7.0.102\Extensions\Microsoft.TestPlatform.Extensions.EventLogCollector.dll
C:\Program Files\dotnet\sdk\7.0.102\Extensions\Microsoft.TestPlatform.TestHostRuntimeProvider.dll
C:\Program Files\dotnet\sdk\7.0.102\Extensions\Microsoft.VisualStudio.TestPlatform.Extensions.Html.TestLogger.dll
C:\Program Files\dotnet\sdk\7.0.102\Extensions\Microsoft.VisualStudio.TestPlatform.Extensions.Trx.TestLogger.dll
TpTrace Information: 0 : 12284, 1, 2023/03/20, 21:42:26.994, 3002814646555, vstest.console.dll, AssemblyResolver.AddSearchDirectories: Adding more searchDirectories C:\Program Files\dotnet\sdk\7.0.102\Extensions,C:\Program Files\dotnet\sdk\7.0.102
TpTrace Information: 0 : 12284, 1, 2023/03/20, 21:42:26.994, 3002814647048, vstest.console.dll, AssemblyResolver.AddSearchDirectories: Adding more searchDirectories C:\Program Files\dotnet\sdk\7.0.102\Extensions,C:\Program Files\dotnet\sdk\7.0.102
TpTrace Information: 0 : 12284, 1, 2023/03/20, 21:42:26.994, 3002814647307, vstest.console.dll, AssemblyResolver.AddSearchDirectories: Adding more searchDirectories C:\Program Files\dotnet\sdk\7.0.102\Extensions,C:\Program Files\dotnet\sdk\7.0.102
TpTrace Information: 0 : 12284, 1, 2023/03/20, 21:42:26.994, 3002814647543, vstest.console.dll, AssemblyResolver.AddSearchDirectories: Adding more searchDirectories C:\Program Files\dotnet\sdk\7.0.102\Extensions,C:\Program Files\dotnet\sdk\7.0.102
TpTrace Information: 0 : 12284, 1, 2023/03/20, 21:42:26.994, 3002814647824, vstest.console.dll, AssemblyResolver.AddSearchDirectories: Adding more searchDirectories C:\Program Files\dotnet\sdk\7.0.102\Extensions,C:\Program Files\dotnet\sdk\7.0.102
TpTrace Information: 0 : 12284, 1, 2023/03/20, 21:42:26.994, 3002814648065, vstest.console.dll, AssemblyResolver.AddSearchDirectories: Adding more searchDirectories C:\Program Files\dotnet\sdk\7.0.102\Extensions,C:\Program Files\dotnet\sdk\7.0.102
TpTrace Verbose: 0 : 12284, 1, 2023/03/20, 21:42:26.995, 3002814649239, vstest.console.dll, MetadataReaderExtensionsHelper: Discovering extensions inside assembly 'Microsoft.Diagnostics.NETCore.Client, Version=0.2.6.42401, Culture=neutral, PublicKeyToken=31bf3856ad364e35' file path 'C:\Program Files\dotnet\sdk\7.0.102\Extensions\Microsoft.Diagnostics.NETCore.Client.dll'
TpTrace Information: 0 : 12284, 1, 2023/03/20, 21:42:26.996, 3002814663843, vstest.console.dll, AssemblyResolver.OnResolve: Microsoft.Bcl.AsyncInterfaces: Resolving assembly.
TpTrace Information: 0 : 12284, 1, 2023/03/20, 21:42:26.996, 3002814665421, vstest.console.dll, AssemblyResolver.OnResolve: Microsoft.Bcl.AsyncInterfaces: Resolved from cache.
TpTrace Verbose: 0 : 12284, 1, 2023/03/20, 21:42:26.996, 3002814665911, vstest.console.dll, CurrentDomainAssemblyResolve: Resolving assembly 'Microsoft.Bcl.AsyncInterfaces'.
TpTrace Information: 0 : 12284, 1, 2023/03/20, 21:42:26.996, 3002814666832, vstest.console.dll, AssemblyResolver.OnResolve: Microsoft.Bcl.AsyncInterfaces: Resolving assembly.
TpTrace Information: 0 : 12284, 1, 2023/03/20, 21:42:26.996, 3002814667360, vstest.console.dll, AssemblyResolver.OnResolve: Microsoft.Bcl.AsyncInterfaces: Resolved from cache.
TpTrace Verbose: 0 : 12284, 1, 2023/03/20, 21:42:26.996, 3002814667905, vstest.console.dll, CurrentDomainAssemblyResolve: Resolving assembly 'Microsoft.Bcl.AsyncInterfaces'.
TpTrace Verbose: 0 : 12284, 1, 2023/03/20, 21:42:26.996, 3002814668236, vstest.console.dll, CurrentDomainAssemblyResolve: Failed to resolve assembly 'Microsoft.Bcl.AsyncInterfaces'.
TpTrace Verbose: 0 : 12284, 1, 2023/03/20, 21:42:26.997, 3002814671240, vstest.console.dll, CurrentDomainAssemblyResolve: Failed to resolve assembly 'Microsoft.Bcl.AsyncInterfaces'.
TpTrace Warning: 0 : 12284, 1, 2023/03/20, 21:42:26.997, 3002814675791, vstest.console.dll, TestPluginDiscoverer: Failed to get types from assembly 'Microsoft.Diagnostics.NETCore.Client, Version=0.2.6.42401, Culture=neutral, PublicKeyToken=31bf3856ad364e35'. Error: System.Reflection.ReflectionTypeLoadException: Unable to load one or more of the requested types.
Could not load file or assembly 'Microsoft.Bcl.AsyncInterfaces, Version=1.0.0.0, Culture=neutral, PublicKeyToken=cc7b13ffcd2ddd51'. The system cannot find the file specified.
   at System.Reflection.RuntimeModule.GetTypes(RuntimeModule module)
   at System.Reflection.Assembly.GetTypes()
   at Microsoft.VisualStudio.TestPlatform.Common.ExtensionFramework.TestPluginDiscoverer.GetTestExtensionsFromAssembly[TPluginInfo,TExtension](Assembly assembly, Dictionary`2 pluginInfos, String filePath)
System.IO.FileNotFoundException: Could not load file or assembly 'Microsoft.Bcl.AsyncInterfaces, Version=1.0.0.0, Culture=neutral, PublicKeyToken=cc7b13ffcd2ddd51'. The system cannot find the file specified.
File name: 'Microsoft.Bcl.AsyncInterfaces, Version=1.0.0.0, Culture=neutral, PublicKeyToken=cc7b13ffcd2ddd51'
 ---> System.IO.FileNotFoundException: Could not load file or assembly 'Microsoft.Bcl.AsyncInterfaces, Culture=neutral, PublicKeyToken=null'. The system cannot find the file specified.
File name: 'Microsoft.Bcl.AsyncInterfaces, Culture=neutral, PublicKeyToken=null'
   at System.Reflection.RuntimeAssembly.InternalLoad(AssemblyName assemblyName, StackCrawlMark& stackMark, AssemblyLoadContext assemblyLoadContext, RuntimeAssembly requestingAssembly, Boolean throwOnFileNotFound)
   at System.Reflection.Assembly.Load(AssemblyName assemblyRef)
   at Microsoft.VisualStudio.TestPlatform.Common.ExtensionFramework.TestPluginCache.CurrentDomainAssemblyResolve(Object sender, AssemblyResolveEventArgs args)
   at System.Runtime.Loader.AssemblyLoadContext.GetFirstResolvedAssemblyFromResolvingEvent(AssemblyName assemblyName)
   at System.Runtime.Loader.AssemblyLoadContext.ResolveUsingEvent(AssemblyName assemblyName)
   at System.Runtime.Loader.AssemblyLoadContext.ResolveUsingResolvingEvent(IntPtr gchManagedAssemblyLoadContext, AssemblyName assemblyName)
TpTrace Warning: 0 : 12284, 1, 2023/03/20, 21:42:26.998, 3002814678516, vstest.console.dll, LoaderExceptions: System.IO.FileNotFoundException: Could not load file or assembly 'Microsoft.Bcl.AsyncInterfaces, Version=1.0.0.0, Culture=neutral, PublicKeyToken=cc7b13ffcd2ddd51'. The system cannot find the file specified.
File name: 'Microsoft.Bcl.AsyncInterfaces, Version=1.0.0.0, Culture=neutral, PublicKeyToken=cc7b13ffcd2ddd51'
 ---> System.IO.FileNotFoundException: Could not load file or assembly 'Microsoft.Bcl.AsyncInterfaces, Culture=neutral, PublicKeyToken=null'. The system cannot find the file specified.
File name: 'Microsoft.Bcl.AsyncInterfaces, Culture=neutral, PublicKeyToken=null'
   at System.Reflection.RuntimeAssembly.InternalLoad(AssemblyName assemblyName, StackCrawlMark& stackMark, AssemblyLoadContext assemblyLoadContext, RuntimeAssembly requestingAssembly, Boolean throwOnFileNotFound)
   at System.Reflection.Assembly.Load(AssemblyName assemblyRef)
   at Microsoft.VisualStudio.TestPlatform.Common.ExtensionFramework.TestPluginCache.CurrentDomainAssemblyResolve(Object sender, AssemblyResolveEventArgs args)
   at System.Runtime.Loader.AssemblyLoadContext.GetFirstResolvedAssemblyFromResolvingEvent(AssemblyName assemblyName)
   at System.Runtime.Loader.AssemblyLoadContext.ResolveUsingEvent(AssemblyName assemblyName)
   at System.Runtime.Loader.AssemblyLoadContext.ResolveUsingResolvingEvent(IntPtr gchManagedAssemblyLoadContext, AssemblyName assemblyName)
TpTrace Verbose: 0 : 12284, 1, 2023/03/20, 21:42:26.998, 3002814679933, vstest.console.dll, MetadataReaderExtensionsHelper: Discovering extensions inside assembly 'Microsoft.TestPlatform.Extensions.BlameDataCollector, Version=15.0.0.0, Culture=neutral, PublicKeyToken=b03f5f7f11d50a3a' file path 'C:\Program Files\dotnet\sdk\7.0.102\Extensions\Microsoft.TestPlatform.Extensions.BlameDataCollector.dll'
TpTrace Information: 0 : 12284, 1, 2023/03/20, 21:42:26.999, 3002814690070, vstest.console.dll, GetTestExtensionFromType: Register extension with identifier data 'logger://Microsoft/TestPlatform/Extensions/Blame/v1' and type 'Microsoft.TestPlatform.Extensions.BlameDataCollector.BlameLogger, Microsoft.TestPlatform.Extensions.BlameDataCollector, Version=15.0.0.0, Culture=neutral, PublicKeyToken=b03f5f7f11d50a3a' inside file 'C:\Program Files\dotnet\sdk\7.0.102\Extensions\Microsoft.TestPlatform.Extensions.BlameDataCollector.dll'
TpTrace Verbose: 0 : 12284, 1, 2023/03/20, 21:42:26.999, 3002814691542, vstest.console.dll, MetadataReaderExtensionsHelper: Discovering extensions inside assembly 'Microsoft.TestPlatform.Extensions.EventLogCollector, Version=15.0.0.0, Culture=neutral, PublicKeyToken=b03f5f7f11d50a3a' file path 'C:\Program Files\dotnet\sdk\7.0.102\Extensions\Microsoft.TestPlatform.Extensions.EventLogCollector.dll'
TpTrace Verbose: 0 : 12284, 1, 2023/03/20, 21:42:27.000, 3002814699933, vstest.console.dll, MetadataReaderExtensionsHelper: Discovering extensions inside assembly 'Microsoft.TestPlatform.TestHostRuntimeProvider, Version=15.0.0.0, Culture=neutral, PublicKeyToken=b03f5f7f11d50a3a' file path 'C:\Program Files\dotnet\sdk\7.0.102\Extensions\Microsoft.TestPlatform.TestHostRuntimeProvider.dll'
TpTrace Verbose: 0 : 12284, 1, 2023/03/20, 21:42:27.001, 3002814708745, vstest.console.dll, MetadataReaderExtensionsHelper: Discovering extensions inside assembly 'Microsoft.VisualStudio.TestPlatform.Extensions.Html.TestLogger, Version=15.0.0.0, Culture=neutral, PublicKeyToken=b03f5f7f11d50a3a' file path 'C:\Program Files\dotnet\sdk\7.0.102\Extensions\Microsoft.VisualStudio.TestPlatform.Extensions.Html.TestLogger.dll'
TpTrace Information: 0 : 12284, 1, 2023/03/20, 21:42:27.002, 3002814720693, vstest.console.dll, GetTestExtensionFromType: Register extension with identifier data 'logger://Microsoft/TestPlatform/HtmlLogger/v1' and type 'Microsoft.VisualStudio.TestPlatform.Extensions.HtmlLogger.HtmlLogger, Microsoft.VisualStudio.TestPlatform.Extensions.Html.TestLogger, Version=15.0.0.0, Culture=neutral, PublicKeyToken=b03f5f7f11d50a3a' inside file 'C:\Program Files\dotnet\sdk\7.0.102\Extensions\Microsoft.VisualStudio.TestPlatform.Extensions.Html.TestLogger.dll'
TpTrace Verbose: 0 : 12284, 1, 2023/03/20, 21:42:27.002, 3002814722303, vstest.console.dll, MetadataReaderExtensionsHelper: Discovering extensions inside assembly 'Microsoft.VisualStudio.TestPlatform.Extensions.Trx.TestLogger, Version=15.0.0.0, Culture=neutral, PublicKeyToken=b03f5f7f11d50a3a' file path 'C:\Program Files\dotnet\sdk\7.0.102\Extensions\Microsoft.VisualStudio.TestPlatform.Extensions.Trx.TestLogger.dll'
TpTrace Information: 0 : 12284, 1, 2023/03/20, 21:42:27.003, 3002814732362, vstest.console.dll, GetTestExtensionFromType: Register extension with identifier data 'logger://Microsoft/TestPlatform/TrxLogger/v1' and type 'Microsoft.VisualStudio.TestPlatform.Extensions.TrxLogger.TrxLogger, Microsoft.VisualStudio.TestPlatform.Extensions.Trx.TestLogger, Version=15.0.0.0, Culture=neutral, PublicKeyToken=b03f5f7f11d50a3a' inside file 'C:\Program Files\dotnet\sdk\7.0.102\Extensions\Microsoft.VisualStudio.TestPlatform.Extensions.Trx.TestLogger.dll'
TpTrace Verbose: 0 : 12284, 1, 2023/03/20, 21:42:27.003, 3002814734297, vstest.console.dll, TestPluginCache: Discovered the extensions using extension path ''.
TpTrace Verbose: 0 : 12284, 1, 2023/03/20, 21:42:27.003, 3002814734884, vstest.console.dll, TestPluginCache: Discoverers are ''.
TpTrace Verbose: 0 : 12284, 1, 2023/03/20, 21:42:27.003, 3002814735120, vstest.console.dll, TestPluginCache: Executors are ''.
TpTrace Verbose: 0 : 12284, 1, 2023/03/20, 21:42:27.003, 3002814735320, vstest.console.dll, TestPluginCache: Executors2 are ''.
TpTrace Verbose: 0 : 12284, 1, 2023/03/20, 21:42:27.003, 3002814735587, vstest.console.dll, TestPluginCache: Setting providers are ''.
TpTrace Verbose: 0 : 12284, 1, 2023/03/20, 21:42:27.003, 3002814736497, vstest.console.dll, TestPluginCache: Loggers are 'logger://Microsoft/TestPlatform/Extensions/Blame/v1,logger://Microsoft/TestPlatform/HtmlLogger/v1,logger://Microsoft/TestPlatform/TrxLogger/v1'.
TpTrace Verbose: 0 : 12284, 1, 2023/03/20, 21:42:27.003, 3002814736987, vstest.console.dll, TestPluginCache: TestHosts are 'HostProvider://DefaultTestHost,HostProvider://DotnetTestHost'.
TpTrace Verbose: 0 : 12284, 1, 2023/03/20, 21:42:27.003, 3002814737359, vstest.console.dll, TestPluginCache: DataCollectors are ''.
TpTrace Information: 0 : 12284, 1, 2023/03/20, 21:42:27.005, 3002814749199, vstest.console.dll, TestPluginManager.CreateTestExtension: Attempting to load test extension: Microsoft.TestPlatform.Extensions.BlameDataCollector.BlameLogger
TpTrace Verbose: 0 : 12284, 1, 2023/03/20, 21:42:27.017, 3002814871863, vstest.console.dll, TestEngine: Initializing Parallel Execution as MaxCpuCount is set to: 1
TpTrace Information: 0 : 12284, 1, 2023/03/20, 21:42:27.024, 3002814945492, vstest.console.dll, TestPluginManager.CreateTestExtension: Attempting to load test extension: Microsoft.VisualStudio.TestPlatform.CrossPlatEngine.Hosting.DefaultTestHostManager
TpTrace Information: 0 : 12284, 1, 2023/03/20, 21:42:27.026, 3002814962714, vstest.console.dll, TestPluginManager.CreateTestExtension: Attempting to load test extension: Microsoft.VisualStudio.TestPlatform.CrossPlatEngine.Hosting.DotnetTestHostManager
TpTrace Information: 0 : 12284, 1, 2023/03/20, 21:42:27.027, 3002814971194, vstest.console.dll, InferRunSettingsHelper.IsTestSettingsEnabled: Unable to navigate to RunSettings/MSTest. Current node: RunSettings
TpTrace Verbose: 0 : 12284, 1, 2023/03/20, 21:42:27.031, 3002815016576, vstest.console.dll, TestEngine.GetExecutionManager: Chosen execution manager 'Microsoft.VisualStudio.TestPlatform.CrossPlatEngine.Client.Parallel.ParallelProxyExecutionManager, Microsoft.TestPlatform.CrossPlatEngine, Version=15.0.0.0, Culture=neutral, PublicKeyToken=b03f5f7f11d50a3a' ParallelLevel '1'.
TpTrace Verbose: 0 : 12284, 1, 2023/03/20, 21:42:27.032, 3002815018759, vstest.console.dll, TestRunRequest.ExecuteAsync: Creating test run request.
TpTrace Verbose: 0 : 12284, 1, 2023/03/20, 21:42:27.032, 3002815021203, vstest.console.dll, TestRunRequest.ExecuteAsync: Starting.
TpTrace Information: 0 : 12284, 1, 2023/03/20, 21:42:27.032, 3002815027780, vstest.console.dll, TestRunRequest.ExecuteAsync: Starting run with settings:TestRunCriteria:
   KeepAlive=False,FrequencyOfRunStatsChangeEvent=10,RunStatsChangeEventTimeout=00:00:01.5000000,TestCaseFilter=,TestExecutorLauncher=
   Settingsxml=<RunSettings>
  <RunConfiguration>
    <ResultsDirectory>D:\Interview\CodeChallenge.UnitTests\bin\Debug\net6.0\fine-code-coverage\coverage-tool-output</ResultsDirectory>
    <TargetPlatform>X64</TargetPlatform>
    <TargetFrameworkVersion>.NETCoreApp,Version=v6.0</TargetFrameworkVersion>
    <DesignMode>False</DesignMode>
    <CollectSourceInformation>False</CollectSourceInformation>
  </RunConfiguration>
  <LoggerRunSettings>
    <Loggers>
      <Logger friendlyName="blame" enabled="True" />
      <Logger friendlyName="Console" uri="logger://microsoft/TestPlatform/ConsoleLogger/v1" assemblyQualifiedName="Microsoft.VisualStudio.TestPlatform.CommandLine.Internal.ConsoleLogger, vstest.console, Version=15.0.0.0, Culture=neutral, PublicKeyToken=b03f5f7f11d50a3a" codeBase="C:\Program Files\dotnet\sdk\7.0.102\vstest.console.dll" enabled="True" />
    </Loggers>
  </LoggerRunSettings>
  <DataCollectionRunSettings>
    <DataCollectors>
      <DataCollector friendlyName="blame" enabled="True">
        <Configuration>
          <ResultsDirectory>D:\Interview\CodeChallenge.UnitTests\bin\Debug\net6.0\fine-code-coverage\coverage-tool-output</ResultsDirectory>
        </Configuration>
      </DataCollector>
    </DataCollectors>
  </DataCollectionRunSettings>
</RunSettings>

TpTrace Verbose: 0 : 12284, 1, 2023/03/20, 21:42:27.033, 3002815028773, vstest.console.dll, TestRunRequest.ExecuteAsync: Wait for the first run request is over.
TpTrace Verbose: 0 : 12284, 1, 2023/03/20, 21:42:27.033, 3002815032551, vstest.console.dll, MulticastDelegateUtilities.SafeInvoke: TestRun.TestRunStart: Invoking callbacks was skipped because there are no subscribers.
TpTrace Verbose: 0 : 12284, 4, 2023/03/20, 21:42:27.033, 3002815035333, vstest.console.dll, MulticastDelegateUtilities.SafeInvoke: InternalTestLoggerEvents.SendTestRunStart: Invoking callback 1/1 for Microsoft.VisualStudio.TestPlatform.CommandLine.Internal.ConsoleLogger., took 0 ms.
TpTrace Verbose: 0 : 12284, 1, 2023/03/20, 21:42:27.034, 3002815048344, vstest.console.dll, ParallelProxyExecutionManager: Start execution. Total sources: 1
TpTrace Verbose: 0 : 12284, 1, 2023/03/20, 21:42:27.036, 3002815066292, vstest.console.dll, TestRequestSender is acting as server.
TpTrace Verbose: 0 : 12284, 1, 2023/03/20, 21:42:27.038, 3002815079719, vstest.console.dll, DataCollectionRequestSender.InitializeCommunication : Initialize communication. 
TpTrace Information: 0 : 12284, 1, 2023/03/20, 21:42:27.043, 3002815131723, vstest.console.dll, Listening on Endpoint : 127.0.0.1:64607
TpTrace Verbose: 0 : 12284, 1, 2023/03/20, 21:42:27.051, 3002815211502, vstest.console.dll, DotnetDataCollectionLauncher: Adding  --runtimeconfig "C:\Program Files\dotnet\sdk\7.0.102\datacollector.runtimeconfig.json" in args
TpTrace Verbose: 0 : 12284, 1, 2023/03/20, 21:42:27.051, 3002815212855, vstest.console.dll, DotnetDataCollectionLauncher: Adding  --depsfile "C:\Program Files\dotnet\sdk\7.0.102\datacollector.deps.json" in args
TpTrace Verbose: 0 : 12284, 1, 2023/03/20, 21:42:27.051, 3002815214450, vstest.console.dll, DotnetDataCollectionLauncher: Full path of dotnet.exe is C:\Program Files\dotnet\dotnet.exe
TpTrace Information: 0 : 12284, 1, 2023/03/20, 21:42:27.062, 3002815325297, vstest.console.dll, ProxyDataCollectionManager.Initialize: Launched datacollector processId: 27704 port: 64607
TpTrace Information: 0 : 12284, 1, 2023/03/20, 21:42:27.062, 3002815327575, vstest.console.dll, ProxyDataCollectionManager.Initialize: waiting for connection with timeout: 90 seconds
TpTrace Verbose: 0 : 12284, 1, 2023/03/20, 21:42:27.062, 3002815328478, vstest.console.dll, DataCollectionRequestSender.WaitForRequestHandlerConnection : Waiting for connection with timeout: 90000
TpTrace Information: 0 : 12284, 7, 2023/03/20, 21:42:27.214, 3002816845115, vstest.console.dll, Using the buffer size of 16384 bytes
TpTrace Verbose: 0 : 12284, 1, 2023/03/20, 21:42:27.214, 3002816845284, vstest.console.dll, SocketCommunicationManager.WaitForClientConnection took: 151 ms, with 90000 ms timeout, and finished with True.
TpTrace Information: 0 : 12284, 7, 2023/03/20, 21:42:27.214, 3002816846462, vstest.console.dll, Accepted Client request and set the flag
TpTrace Verbose: 0 : 12284, 1, 2023/03/20, 21:42:27.214, 3002816847899, vstest.console.dll, ProxyDataCollectionManager.InvokeDataCollectionServiceAction: Starting.
TpTrace Information: 0 : 12284, 1, 2023/03/20, 21:42:27.215, 3002816848725, vstest.console.dll, ProxyDataCollectionManager.BeforeTestRunStart: Get environment variable and port for datacollector processId: 27704 port: 64607
TpTrace Verbose: 0 : 12284, 1, 2023/03/20, 21:42:27.215, 3002816849778, vstest.console.dll, DataCollectionRequestSender.SendBeforeTestRunStartAndGetResult: Send BeforeTestRunStart message with settingsXml <RunSettings><RunConfiguration><ResultsDirectory>D:\Interview\CodeChallenge.UnitTests\bin\Debug\net6.0\fine-code-coverage\coverage-tool-output</ResultsDirectory><TargetPlatform>X64</TargetPlatform><TargetFrameworkVersion>.NETCoreApp,Version=v6.0</TargetFrameworkVersion><DesignMode>False</DesignMode><CollectSourceInformation>False</CollectSourceInformation><TestAdaptersPaths>C:\Program Files\dotnet\sdk\7.0.102\Extensions</TestAdaptersPaths></RunConfiguration><LoggerRunSettings><Loggers><Logger friendlyName="blame" enabled="True" /><Logger friendlyName="Console" uri="logger://microsoft/TestPlatform/ConsoleLogger/v1" assemblyQualifiedName="Microsoft.VisualStudio.TestPlatform.CommandLine.Internal.ConsoleLogger, vstest.console, Version=15.0.0.0, Culture=neutral, PublicKeyToken=b03f5f7f11d50a3a" codeBase="C:\Program Files\dotnet\sdk\7.0.102\vstest.console.dll" enabled="True" /></Loggers></LoggerRunSettings><DataCollectionRunSettings><DataCollectors><DataCollector friendlyName="blame" enabled="True"><Configuration><ResultsDirectory>D:\Interview\CodeChallenge.UnitTests\bin\Debug\net6.0\fine-code-coverage\coverage-tool-output</ResultsDirectory></Configuration></DataCollector></DataCollectors></DataCollectionRunSettings></RunSettings> and sources System.Collections.Generic.List`1[System.String]: 
TpTrace Verbose: 0 : 12284, 1, 2023/03/20, 21:42:27.324, 3002817944381, vstest.console.dll, DataCollectionRequestSender.SendBeforeTestRunStartAndGetResult: Received message: (DataCollection.SendMessage) -> {"MessageType":"DataCollection.SendMessage","Payload":{"FriendlyName":null,"Uri":null,"TestCaseId":"00000000-0000-0000-0000-000000000000","Message":"Logging DataCollector Diagnostics in file: D:\\Interview\\CodeChallenge.UnitTests\\bin\\Debug\\net6.0\\fine-code-coverage\\coverage-tool-output\\diagnostics.datacollector.23-03-20_21-42-27_05099_1.log","Level":0}}
TpTrace Verbose: 0 : 12284, 1, 2023/03/20, 21:42:27.418, 3002818882556, vstest.console.dll, DataCollectionRequestSender.SendBeforeTestRunStartAndGetResult: Received message: (DataCollection.BeforeTestRunStartResult) -> {"MessageType":"DataCollection.BeforeTestRunStartResult","Payload":{"EnvironmentVariables":{},"DataCollectionEventsPort":64609}}
TpTrace Information: 0 : 12284, 1, 2023/03/20, 21:42:27.425, 3002818948590, vstest.console.dll, ProxyDataCollectionManager.BeforeTestRunStart: SendBeforeTestRunStartAndGetResult successful, env variable from datacollector:   and testhost port: 64609
TpTrace Information: 0 : 12284, 1, 2023/03/20, 21:42:27.425, 3002818949788, vstest.console.dll, ProxyDataCollectionManager.InvokeDataCollectionServiceAction: Completed.
TpTrace Verbose: 0 : 12284, 7, 2023/03/20, 21:42:27.425, 3002818951003, vstest.console.dll, ParallelProxyExecutionManager: Execution started. Started clients: 1
TpTrace Verbose: 0 : 12284, 1, 2023/03/20, 21:42:27.425, 3002818951295, vstest.console.dll, ProxyParallelExecutionManager: No sources available for execution.
TpTrace Information: 0 : 12284, 1, 2023/03/20, 21:42:27.425, 3002818952162, vstest.console.dll, TestRunRequest.ExecuteAsync: Started.
TpTrace Verbose: 0 : 12284, 1, 2023/03/20, 21:42:27.425, 3002818952869, vstest.console.dll, TestRunRequest.WaitForCompletion: Waiting with timeout -1.
TpTrace Verbose: 0 : 12284, 7, 2023/03/20, 21:42:27.425, 3002818953682, vstest.console.dll, TestRunRequest:SendTestRunMessage: Starting.
TpTrace Verbose: 0 : 12284, 7, 2023/03/20, 21:42:27.425, 3002818955129, vstest.console.dll, MulticastDelegateUtilities.SafeInvoke: TestRun.LogMessages: Invoking callback 1/1 for Microsoft.VisualStudio.TestPlatform.CommandLine.TestRunResultAggregator., took 0 ms.
TpTrace Information: 0 : 12284, 7, 2023/03/20, 21:42:27.425, 3002818955463, vstest.console.dll, TestRunRequest:SendTestRunMessage: Completed.
TpTrace Verbose: 0 : 12284, 4, 2023/03/20, 21:42:27.425, 3002818956896, vstest.console.dll, MulticastDelegateUtilities.SafeInvoke: InternalTestLoggerEvents.SendTestRunMessage: Invoking callback 1/1 for Microsoft.VisualStudio.TestPlatform.CommandLine.Internal.ConsoleLogger., took 0 ms.
TpTrace Verbose: 0 : 12284, 7, 2023/03/20, 21:42:27.425, 3002818957027, vstest.console.dll, ProxyExecutionManager: Test host is always Lazy initialize.
TpTrace Verbose: 0 : 12284, 7, 2023/03/20, 21:42:27.426, 3002818960058, vstest.console.dll, TestRequestSender.InitializeCommunication: initialize communication. 
TpTrace Information: 0 : 12284, 7, 2023/03/20, 21:42:27.426, 3002818968404, vstest.console.dll, SocketServer.Start: Listening on endpoint : 127.0.0.1:64610
TpTrace Verbose: 0 : 12284, 7, 2023/03/20, 21:42:27.427, 3002818976956, vstest.console.dll, DotnetTestHostmanager.GetTestHostProcessStartInfo: Platform environment 'X64' target architecture 'X64' framework '.NETCoreApp,Version=v6.0' OS 'Windows'
TpTrace Verbose: 0 : 12284, 7, 2023/03/20, 21:42:27.428, 3002818978848, vstest.console.dll, DotnetTestHostmanager: Adding  --runtimeconfig "D:\Interview\CodeChallenge.UnitTests\bin\Debug\net6.0\fine-code-coverage\build-output\CodeChallenge.UnitTests.runtimeconfig.json" in args
TpTrace Verbose: 0 : 12284, 7, 2023/03/20, 21:42:27.428, 3002818979360, vstest.console.dll, DotnetTestHostmanager: Adding  --depsfile "D:\Interview\CodeChallenge.UnitTests\bin\Debug\net6.0\fine-code-coverage\build-output\CodeChallenge.UnitTests.deps.json" in args
TpTrace Verbose: 0 : 12284, 7, 2023/03/20, 21:42:27.428, 3002818981716, vstest.console.dll, DotnetTestHostmanager.IsWinOnArm: Current PROCESSOR_ARCHITECTURE from environment variable 'AMD64'
TpTrace Verbose: 0 : 12284, 7, 2023/03/20, 21:42:27.428, 3002818982331, vstest.console.dll, DotnetTestHostmanager.IsWinOnArm: Is Windows on ARM 'False'
TpTrace Verbose: 0 : 12284, 7, 2023/03/20, 21:42:27.428, 3002818982805, vstest.console.dll, DotnetTestHostManager: testhost.exe found at path: D:\Interview\CodeChallenge.UnitTests\bin\Debug\net6.0\fine-code-coverage\build-output\testhost.exe
TpTrace Verbose: 0 : 12284, 7, 2023/03/20, 21:42:27.428, 3002818983137, vstest.console.dll, DotnetTestHostmanager: Full path of host exe is D:\Interview\CodeChallenge.UnitTests\bin\Debug\net6.0\fine-code-coverage\build-output\testhost.exe
TpTrace Verbose: 0 : 12284, 7, 2023/03/20, 21:42:27.428, 3002818984374, vstest.console.dll, DotnetTestHostmanager.LaunchTestHostAsync: Found 'VSTEST_WINAPPHOST_DOTNET_ROOT' in env variables, value 'C:\Program Files\dotnet', forwarding to 'DOTNET_ROOT'
TpTrace Verbose: 0 : 12284, 7, 2023/03/20, 21:42:27.428, 3002818986050, vstest.console.dll, DotnetTestHostManager: Starting process 'D:\Interview\CodeChallenge.UnitTests\bin\Debug\net6.0\fine-code-coverage\build-output\testhost.exe' with command line ' --runtimeconfig "D:\Interview\CodeChallenge.UnitTests\bin\Debug\net6.0\fine-code-coverage\build-output\CodeChallenge.UnitTests.runtimeconfig.json" --depsfile "D:\Interview\CodeChallenge.UnitTests\bin\Debug\net6.0\fine-code-coverage\build-output\CodeChallenge.UnitTests.deps.json" --port 64610 --endpoint 127.0.0.1:064610 --role client --parentprocessid 12284 --diag "D:\Interview\CodeChallenge.UnitTests\bin\Debug\net6.0\fine-code-coverage\coverage-tool-output\diagnostics.host.23-03-20_21-42-27_42744_7.log" --tracelevel 4 --datacollectionport 64609 --telemetryoptedin false'
TpTrace Verbose: 0 : 12284, 7, 2023/03/20, 21:42:27.437, 3002819077930, vstest.console.dll, MulticastDelegateUtilities.SafeInvoke: HostProviderEvents.OnHostLaunched: Invoking callback 1/2 for Microsoft.VisualStudio.TestPlatform.CrossPlatEngine.Client.ProxyExecutionManagerWithDataCollection., took 2 ms.
TpTrace Verbose: 0 : 12284, 7, 2023/03/20, 21:42:27.438, 3002819083313, vstest.console.dll, Test Runtime launched
TpTrace Verbose: 0 : 12284, 7, 2023/03/20, 21:42:27.438, 3002819085010, vstest.console.dll, MulticastDelegateUtilities.SafeInvoke: HostProviderEvents.OnHostLaunched: Invoking callback 2/2 for Microsoft.VisualStudio.TestPlatform.CrossPlatEngine.Client.ProxyOperationManager., took 0 ms.
TpTrace Verbose: 0 : 12284, 7, 2023/03/20, 21:42:27.440, 3002819099739, vstest.console.dll, TestRequestSender.WaitForRequestHandlerConnection: waiting for connection with timeout: 90000.
TpTrace Verbose: 0 : 12284, 7, 2023/03/20, 21:42:27.636, 3002821066939, vstest.console.dll, TestRequestSender.WaitForRequestHandlerConnection: waiting took 196 ms, with timeout 90000 ms, and result 0, which is success.
TpTrace Verbose: 0 : 12284, 12, 2023/03/20, 21:42:27.636, 3002821066940, vstest.console.dll, MulticastDelegateUtilities.SafeInvoke: SocketServer: ClientConnected: Invoking callback 1/1 for Microsoft.VisualStudio.TestPlatform.CommunicationUtilities.TestRequestSender., took 0 ms.
TpTrace Verbose: 0 : 12284, 12, 2023/03/20, 21:42:27.637, 3002821069799, vstest.console.dll, SocketServer.OnClientConnected: Client connected for endPoint: 127.0.0.1:64610, starting MessageLoopAsync:
TpTrace Verbose: 0 : 12284, 13, 2023/03/20, 21:42:27.637, 3002821074821, vstest.console.dll, TcpClientExtensions.MessageLoopAsync: Polling on remoteEndPoint: 127.0.0.1:64611 localEndPoint: 127.0.0.1:64610
TpTrace Verbose: 0 : 12284, 7, 2023/03/20, 21:42:27.638, 3002821080924, vstest.console.dll, TestRequestSender.CheckVersionWithTestHost: Sending check version message: {"MessageType":"ProtocolVersion","Payload":7}
TpTrace Verbose: 0 : 12284, 13, 2023/03/20, 21:42:27.789, 3002822589616, vstest.console.dll, TcpClientExtensions.MessageLoopAsync: NotifyDataAvailable remoteEndPoint: 127.0.0.1:64611 localEndPoint: 127.0.0.1:64610
TpTrace Verbose: 0 : 12284, 13, 2023/03/20, 21:42:27.789, 3002822592466, vstest.console.dll, TestRequestSender.CheckVersionWithTestHost: onMessageReceived received message: (ProtocolVersion) -> {"MessageType":"ProtocolVersion","Payload":5}
TpTrace Verbose: 0 : 12284, 13, 2023/03/20, 21:42:27.790, 3002822601266, vstest.console.dll, MulticastDelegateUtilities.SafeInvoke: LengthPrefixCommunicationChannel: MessageReceived: Invoking callback 1/1 for Microsoft.VisualStudio.TestPlatform.CommunicationUtilities.TestRequestSender+<>c__DisplayClass26_0., took 0 ms.
TpTrace Verbose: 0 : 12284, 7, 2023/03/20, 21:42:27.790, 3002822601989, vstest.console.dll, TestPluginCache.GetExtensionPaths: Filtered extension paths: 
TpTrace Verbose: 0 : 12284, 13, 2023/03/20, 21:42:27.790, 3002822603260, vstest.console.dll, TcpClientExtensions.MessageLoopAsync: Polling on remoteEndPoint: 127.0.0.1:64611 localEndPoint: 127.0.0.1:64610
TpTrace Verbose: 0 : 12284, 7, 2023/03/20, 21:42:27.790, 3002822604147, vstest.console.dll, TestPluginCache.GetExtensionPaths: Added default extension paths: C:\Program Files\dotnet\sdk\7.0.102\Extensions\Microsoft.Diagnostics.NETCore.Client.dll
C:\Program Files\dotnet\sdk\7.0.102\Extensions\Microsoft.TestPlatform.Extensions.BlameDataCollector.dll
C:\Program Files\dotnet\sdk\7.0.102\Extensions\Microsoft.TestPlatform.Extensions.EventLogCollector.dll
C:\Program Files\dotnet\sdk\7.0.102\Extensions\Microsoft.TestPlatform.TestHostRuntimeProvider.dll
C:\Program Files\dotnet\sdk\7.0.102\Extensions\Microsoft.VisualStudio.TestPlatform.Extensions.Html.TestLogger.dll
C:\Program Files\dotnet\sdk\7.0.102\Extensions\Microsoft.VisualStudio.TestPlatform.Extensions.Trx.TestLogger.dll
TpTrace Verbose: 0 : 12284, 7, 2023/03/20, 21:42:27.790, 3002822604596, vstest.console.dll, TestPluginCache.GetExtensionPaths: Added unfilterableExtensionPaths: 
TpTrace Verbose: 0 : 12284, 7, 2023/03/20, 21:42:27.795, 3002822648547, vstest.console.dll, TestRequestSender.InitializeExecution: Sending initialize execution with message: {"Version":5,"MessageType":"TestExecution.Initialize","Payload":["D:\\Interview\\CodeChallenge.UnitTests\\bin\\Debug\\net6.0\\fine-code-coverage\\build-output\\xunit.runner.visualstudio.dotnetcore.testadapter.dll"]}
TpTrace Warning: 0 : 12284, 7, 2023/03/20, 21:42:27.795, 3002822656056, vstest.console.dll, InferRunSettingsHelper.MakeRunsettingsCompatible: Removing the following settings: TargetPlatform from RunSettings file. To use those settings please move to latest version of Microsoft.NET.Test.Sdk
TpTrace Verbose: 0 : 12284, 13, 2023/03/20, 21:42:27.806, 3002822765871, vstest.console.dll, TcpClientExtensions.MessageLoopAsync: NotifyDataAvailable remoteEndPoint: 127.0.0.1:64611 localEndPoint: 127.0.0.1:64610
TpTrace Verbose: 0 : 12284, 13, 2023/03/20, 21:42:27.807, 3002822771153, vstest.console.dll, TestRequestSender.OnExecutionMessageReceived: Received message: {"Version":5,"MessageType":"TestSession.Message","Payload":{"MessageLevel":0,"Message":"Logging TestHost Diagnostics in file: D:\\Interview\\CodeChallenge.UnitTests\\bin\\Debug\\net6.0\\fine-code-coverage\\coverage-tool-output\\diagnostics.host.23-03-20_21-42-27_42744_7.log"}}
TpTrace Verbose: 0 : 12284, 7, 2023/03/20, 21:42:27.808, 3002822787607, vstest.console.dll, TestRequestSender.StartTestRun: Sending test run with message: {"Version":5,"MessageType":"TestExecution.StartWithSources","Payload":{"AdapterSourceMap":{"_none_":["D:\\Interview\\CodeChallenge.UnitTests\\bin\\Debug\\net6.0\\fine-code-coverage\\build-output\\CodeChallenge.UnitTests.dll"]},"RunSettings":"<RunSettings>\r\n  <RunConfiguration>\r\n    <ResultsDirectory>D:\\Interview\\CodeChallenge.UnitTests\\bin\\Debug\\net6.0\\fine-code-coverage\\coverage-tool-output</ResultsDirectory>\r\n    <TargetFrameworkVersion>.NETCoreApp,Version=v6.0</TargetFrameworkVersion>\r\n    <DesignMode>False</DesignMode>\r\n    <CollectSourceInformation>False</CollectSourceInformation>\r\n  </RunConfiguration>\r\n  <LoggerRunSettings>\r\n    <Loggers>\r\n      <Logger friendlyName=\"blame\" enabled=\"True\" />\r\n      <Logger friendlyName=\"Console\" uri=\"logger://microsoft/TestPlatform/ConsoleLogger/v1\" assemblyQualifiedName=\"Microsoft.VisualStudio.TestPlatform.CommandLine.Internal.ConsoleLogger, vstest.console, Version=15.0.0.0, Culture=neutral, PublicKeyToken=b03f5f7f11d50a3a\" codeBase=\"C:\\Program Files\\dotnet\\sdk\\7.0.102\\vstest.console.dll\" enabled=\"True\" />\r\n    </Loggers>\r\n  </LoggerRunSettings>\r\n  <DataCollectionRunSettings>\r\n    <DataCollectors>\r\n      <DataCollector friendlyName=\"blame\" enabled=\"True\">\r\n        <Configuration>\r\n          <ResultsDirectory>D:\\Interview\\CodeChallenge.UnitTests\\bin\\Debug\\net6.0\\fine-code-coverage\\coverage-tool-output</ResultsDirectory>\r\n        </Configuration>\r\n      </DataCollector>\r\n    </DataCollectors>\r\n  </DataCollectionRunSettings>\r\n</RunSettings>","TestExecutionContext":{"FrequencyOfRunStatsChangeEvent":10,"RunStatsChangeEventTimeout":"00:00:01.5000000","InIsolation":false,"KeepAlive":false,"AreTestCaseLevelEventsRequired":false,"IsDebug":false,"TestCaseFilter":null,"FilterOptions":null},"Package":null}}
TpTrace Verbose: 0 : 12284, 13, 2023/03/20, 21:42:27.811, 3002822814462, vstest.console.dll, TestRunRequest:SendTestRunMessage: Starting.
TpTrace Verbose: 0 : 12284, 13, 2023/03/20, 21:42:27.811, 3002822816985, vstest.console.dll, MulticastDelegateUtilities.SafeInvoke: TestRun.LogMessages: Invoking callback 1/1 for Microsoft.VisualStudio.TestPlatform.CommandLine.TestRunResultAggregator., took 0 ms.
TpTrace Verbose: 0 : 12284, 4, 2023/03/20, 21:42:27.811, 3002822817027, vstest.console.dll, MulticastDelegateUtilities.SafeInvoke: InternalTestLoggerEvents.SendTestRunMessage: Invoking callback 1/1 for Microsoft.VisualStudio.TestPlatform.CommandLine.Internal.ConsoleLogger., took 0 ms.
TpTrace Information: 0 : 12284, 13, 2023/03/20, 21:42:27.811, 3002822817688, vstest.console.dll, TestRunRequest:SendTestRunMessage: Completed.
TpTrace Verbose: 0 : 12284, 13, 2023/03/20, 21:42:27.812, 3002822819020, vstest.console.dll, MulticastDelegateUtilities.SafeInvoke: LengthPrefixCommunicationChannel: MessageReceived: Invoking callback 1/1 for Microsoft.VisualStudio.TestPlatform.CommunicationUtilities.TestRequestSender+<>c__DisplayClass31_0., took 5 ms.
TpTrace Verbose: 0 : 12284, 13, 2023/03/20, 21:42:27.812, 3002822819390, vstest.console.dll, TcpClientExtensions.MessageLoopAsync: Polling on remoteEndPoint: 127.0.0.1:64611 localEndPoint: 127.0.0.1:64610
TpTrace Verbose: 0 : 12284, 13, 2023/03/20, 21:42:27.973, 3002824430707, vstest.console.dll, TcpClientExtensions.MessageLoopAsync: NotifyDataAvailable remoteEndPoint: 127.0.0.1:64611 localEndPoint: 127.0.0.1:64610
TpTrace Verbose: 0 : 12284, 13, 2023/03/20, 21:42:27.973, 3002824433361, vstest.console.dll, TestRequestSender.OnExecutionMessageReceived: Received message: {"Version":5,"MessageType":"TestSession.Message","Payload":{"MessageLevel":0,"Message":"[xUnit.net 00:00:00.00] xUnit.net VSTest Adapter v2.4.3+1b45f5407b (64-bit .NET 6.0.4)"}}
TpTrace Verbose: 0 : 12284, 13, 2023/03/20, 21:42:27.973, 3002824436735, vstest.console.dll, TestRunRequest:SendTestRunMessage: Starting.
TpTrace Verbose: 0 : 12284, 13, 2023/03/20, 21:42:27.973, 3002824437852, vstest.console.dll, MulticastDelegateUtilities.SafeInvoke: TestRun.LogMessages: Invoking callback 1/1 for Microsoft.VisualStudio.TestPlatform.CommandLine.TestRunResultAggregator., took 0 ms.
TpTrace Verbose: 0 : 12284, 4, 2023/03/20, 21:42:27.973, 3002824438177, vstest.console.dll, MulticastDelegateUtilities.SafeInvoke: InternalTestLoggerEvents.SendTestRunMessage: Invoking callback 1/1 for Microsoft.VisualStudio.TestPlatform.CommandLine.Internal.ConsoleLogger., took 0 ms.
TpTrace Information: 0 : 12284, 13, 2023/03/20, 21:42:27.973, 3002824438319, vstest.console.dll, TestRunRequest:SendTestRunMessage: Completed.
TpTrace Verbose: 0 : 12284, 13, 2023/03/20, 21:42:27.974, 3002824439687, vstest.console.dll, MulticastDelegateUtilities.SafeInvoke: LengthPrefixCommunicationChannel: MessageReceived: Invoking callback 1/1 for Microsoft.VisualStudio.TestPlatform.CommunicationUtilities.TestRequestSender+<>c__DisplayClass31_0., took 0 ms.
TpTrace Verbose: 0 : 12284, 13, 2023/03/20, 21:42:27.974, 3002824440236, vstest.console.dll, TcpClientExtensions.MessageLoopAsync: Polling on remoteEndPoint: 127.0.0.1:64611 localEndPoint: 127.0.0.1:64610
TpTrace Verbose: 0 : 12284, 13, 2023/03/20, 21:42:28.803, 3002832731199, vstest.console.dll, TcpClientExtensions.MessageLoopAsync: NotifyDataAvailable remoteEndPoint: 127.0.0.1:64611 localEndPoint: 127.0.0.1:64610
TpTrace Verbose: 0 : 12284, 13, 2023/03/20, 21:42:28.803, 3002832733591, vstest.console.dll, TestRequestSender.OnExecutionMessageReceived: Received message: {"Version":5,"MessageType":"TestSession.Message","Payload":{"MessageLevel":0,"Message":"[xUnit.net 00:00:00.83]   Discovering: CodeChallenge.UnitTests"}}
TpTrace Verbose: 0 : 12284, 13, 2023/03/20, 21:42:28.803, 3002832737235, vstest.console.dll, TestRunRequest:SendTestRunMessage: Starting.
TpTrace Verbose: 0 : 12284, 13, 2023/03/20, 21:42:28.804, 3002832739873, vstest.console.dll, MulticastDelegateUtilities.SafeInvoke: TestRun.LogMessages: Invoking callback 1/1 for Microsoft.VisualStudio.TestPlatform.CommandLine.TestRunResultAggregator., took 0 ms.
TpTrace Verbose: 0 : 12284, 4, 2023/03/20, 21:42:28.804, 3002832739873, vstest.console.dll, MulticastDelegateUtilities.SafeInvoke: InternalTestLoggerEvents.SendTestRunMessage: Invoking callback 1/1 for Microsoft.VisualStudio.TestPlatform.CommandLine.Internal.ConsoleLogger., took 0 ms.
TpTrace Information: 0 : 12284, 13, 2023/03/20, 21:42:28.804, 3002832741822, vstest.console.dll, TestRunRequest:SendTestRunMessage: Completed.
TpTrace Verbose: 0 : 12284, 13, 2023/03/20, 21:42:28.804, 3002832742477, vstest.console.dll, MulticastDelegateUtilities.SafeInvoke: LengthPrefixCommunicationChannel: MessageReceived: Invoking callback 1/1 for Microsoft.VisualStudio.TestPlatform.CommunicationUtilities.TestRequestSender+<>c__DisplayClass31_0., took 0 ms.
TpTrace Verbose: 0 : 12284, 13, 2023/03/20, 21:42:28.804, 3002832743336, vstest.console.dll, TcpClientExtensions.MessageLoopAsync: Polling on remoteEndPoint: 127.0.0.1:64611 localEndPoint: 127.0.0.1:64610
TpTrace Verbose: 0 : 12284, 13, 2023/03/20, 21:42:28.846, 3002833167972, vstest.console.dll, TcpClientExtensions.MessageLoopAsync: NotifyDataAvailable remoteEndPoint: 127.0.0.1:64611 localEndPoint: 127.0.0.1:64610
TpTrace Verbose: 0 : 12284, 13, 2023/03/20, 21:42:28.847, 3002833170786, vstest.console.dll, TestRequestSender.OnExecutionMessageReceived: Received message: {"Version":5,"MessageType":"TestSession.Message","Payload":{"MessageLevel":0,"Message":"[xUnit.net 00:00:00.88]   Discovered:  CodeChallenge.UnitTests"}}
TpTrace Verbose: 0 : 12284, 13, 2023/03/20, 21:42:28.847, 3002833172858, vstest.console.dll, TestRunRequest:SendTestRunMessage: Starting.
TpTrace Verbose: 0 : 12284, 13, 2023/03/20, 21:42:28.847, 3002833174595, vstest.console.dll, MulticastDelegateUtilities.SafeInvoke: TestRun.LogMessages: Invoking callback 1/1 for Microsoft.VisualStudio.TestPlatform.CommandLine.TestRunResultAggregator., took 0 ms.
TpTrace Verbose: 0 : 12284, 4, 2023/03/20, 21:42:28.847, 3002833174594, vstest.console.dll, MulticastDelegateUtilities.SafeInvoke: InternalTestLoggerEvents.SendTestRunMessage: Invoking callback 1/1 for Microsoft.VisualStudio.TestPlatform.CommandLine.Internal.ConsoleLogger., took 0 ms.
TpTrace Information: 0 : 12284, 13, 2023/03/20, 21:42:28.847, 3002833175419, vstest.console.dll, TestRunRequest:SendTestRunMessage: Completed.
TpTrace Verbose: 0 : 12284, 13, 2023/03/20, 21:42:28.847, 3002833176663, vstest.console.dll, MulticastDelegateUtilities.SafeInvoke: LengthPrefixCommunicationChannel: MessageReceived: Invoking callback 1/1 for Microsoft.VisualStudio.TestPlatform.CommunicationUtilities.TestRequestSender+<>c__DisplayClass31_0., took 0 ms.
TpTrace Verbose: 0 : 12284, 13, 2023/03/20, 21:42:28.847, 3002833177153, vstest.console.dll, TcpClientExtensions.MessageLoopAsync: Polling on remoteEndPoint: 127.0.0.1:64611 localEndPoint: 127.0.0.1:64610
TpTrace Verbose: 0 : 12284, 13, 2023/03/20, 21:42:28.849, 3002833196362, vstest.console.dll, TcpClientExtensions.MessageLoopAsync: NotifyDataAvailable remoteEndPoint: 127.0.0.1:64611 localEndPoint: 127.0.0.1:64610
TpTrace Verbose: 0 : 12284, 13, 2023/03/20, 21:42:28.850, 3002833198510, vstest.console.dll, TestRequestSender.OnExecutionMessageReceived: Received message: {"Version":5,"MessageType":"TestSession.Message","Payload":{"MessageLevel":0,"Message":"[xUnit.net 00:00:00.88]   Starting:    CodeChallenge.UnitTests"}}
TpTrace Verbose: 0 : 12284, 13, 2023/03/20, 21:42:28.850, 3002833199837, vstest.console.dll, TestRunRequest:SendTestRunMessage: Starting.
TpTrace Verbose: 0 : 12284, 13, 2023/03/20, 21:42:28.850, 3002833200679, vstest.console.dll, MulticastDelegateUtilities.SafeInvoke: TestRun.LogMessages: Invoking callback 1/1 for Microsoft.VisualStudio.TestPlatform.CommandLine.TestRunResultAggregator., took 0 ms.
TpTrace Verbose: 0 : 12284, 4, 2023/03/20, 21:42:28.850, 3002833200773, vstest.console.dll, MulticastDelegateUtilities.SafeInvoke: InternalTestLoggerEvents.SendTestRunMessage: Invoking callback 1/1 for Microsoft.VisualStudio.TestPlatform.CommandLine.Internal.ConsoleLogger., took 0 ms.
TpTrace Information: 0 : 12284, 13, 2023/03/20, 21:42:28.850, 3002833201151, vstest.console.dll, TestRunRequest:SendTestRunMessage: Completed.
TpTrace Verbose: 0 : 12284, 13, 2023/03/20, 21:42:28.850, 3002833202065, vstest.console.dll, MulticastDelegateUtilities.SafeInvoke: LengthPrefixCommunicationChannel: MessageReceived: Invoking callback 1/1 for Microsoft.VisualStudio.TestPlatform.CommunicationUtilities.TestRequestSender+<>c__DisplayClass31_0., took 0 ms.
TpTrace Verbose: 0 : 12284, 13, 2023/03/20, 21:42:28.850, 3002833202462, vstest.console.dll, TcpClientExtensions.MessageLoopAsync: Polling on remoteEndPoint: 127.0.0.1:64611 localEndPoint: 127.0.0.1:64610
TpTrace Verbose: 0 : 12284, 13, 2023/03/20, 21:42:29.077, 3002835473071, vstest.console.dll, TcpClientExtensions.MessageLoopAsync: NotifyDataAvailable remoteEndPoint: 127.0.0.1:64611 localEndPoint: 127.0.0.1:64610
TpTrace Verbose: 0 : 12284, 13, 2023/03/20, 21:42:29.077, 3002835476790, vstest.console.dll, TestRequestSender.OnExecutionMessageReceived: Received message: {"Version":5,"MessageType":"TestExecution.StatsChange","Payload":{"NewTestResults":[{"TestCase":{"Id":"d1cc05f9-7fac-1804-e522-3df944e55794","FullyQualifiedName":"CodeChallenge.UnitTests.Services.MovieServiceTests.Constructor_NullMovieService_ThrowException","DisplayName":"CodeChallenge.UnitTests.Services.MovieServiceTests.Constructor_NullMovieService_ThrowException","ExecutorUri":"executor://xunit/VsTestRunner2/netcoreapp","Source":"D:\\Interview\\CodeChallenge.UnitTests\\bin\\Debug\\net6.0\\fine-code-coverage\\build-output\\CodeChallenge.UnitTests.dll","CodeFilePath":null,"LineNumber":0,"Properties":[]},"Attachments":[],"Outcome":1,"ErrorMessage":null,"ErrorStackTrace":null,"DisplayName":"CodeChallenge.UnitTests.Services.MovieServiceTests.Constructor_NullMovieService_ThrowException","Messages":[],"ComputerName":"DESKTOP-100INJV","Duration":"00:00:00.0927945","StartTime":"2023-03-20T14:42:29.0053847+00:00","EndTime":"2023-03-20T14:42:29.0054263+00:00","Properties":[]},{"TestCase":{"Id":"c486b72a-94fb-2b00-5b49-b608b75f8bea","FullyQualifiedName":"CodeChallenge.UnitTests.Services.DirectorServiceTests.CreateDirector_ReturnsOk","DisplayName":"CodeChallenge.UnitTests.Services.DirectorServiceTests.CreateDirector_ReturnsOk","ExecutorUri":"executor://xunit/VsTestRunner2/netcoreapp","Source":"D:\\Interview\\CodeChallenge.UnitTests\\bin\\Debug\\net6.0\\fine-code-coverage\\build-output\\CodeChallenge.UnitTests.dll","CodeFilePath":null,"LineNumber":0,"Properties":[]},"Attachments":[],"Outcome":1,"ErrorMessage":null,"ErrorStackTrace":null,"DisplayName":"CodeChallenge.UnitTests.Services.DirectorServiceTests.CreateDirector_ReturnsOk","Messages":[],"ComputerName":"DESKTOP-100INJV","Duration":"00:00:00.1167164","StartTime":"2023-03-20T14:42:29.0270251+00:00","EndTime":"2023-03-20T14:42:29.0270254+00:00","Properties":[]},{"TestCase":{"Id":"213f62ec-43f2-fde1-2fc4-47b9b4476da4","FullyQualifiedName":"CodeChallenge.UnitTests.Services.DirectorServiceTests.Constructor_NullDirectorService_ThrowException","DisplayName":"CodeChallenge.UnitTests.Services.DirectorServiceTests.Constructor_NullDirectorService_ThrowException","ExecutorUri":"executor://xunit/VsTestRunner2/netcoreapp","Source":"D:\\Interview\\CodeChallenge.UnitTests\\bin\\Debug\\net6.0\\fine-code-coverage\\build-output\\CodeChallenge.UnitTests.dll","CodeFilePath":null,"LineNumber":0,"Properties":[]},"Attachments":[],"Outcome":1,"ErrorMessage":null,"ErrorStackTrace":null,"DisplayName":"CodeChallenge.UnitTests.Services.DirectorServiceTests.Constructor_NullDirectorService_ThrowException","Messages":[],"ComputerName":"DESKTOP-100INJV","Duration":"00:00:00.0016885","StartTime":"2023-03-20T14:42:29.0312695+00:00","EndTime":"2023-03-20T14:42:29.0312698+00:00","Properties":[]},{"TestCase":{"Id":"8a6482f0-2034-e983-e7fc-2bb3ae39e9a3","FullyQualifiedName":"CodeChallenge.UnitTests.Controllers.DirectorControllerTests.DeleteDirector_ReturnsTrue","DisplayName":"CodeChallenge.UnitTests.Controllers.DirectorControllerTests.DeleteDirector_ReturnsTrue","ExecutorUri":"executor://xunit/VsTestRunner2/netcoreapp","Source":"D:\\Interview\\CodeChallenge.UnitTests\\bin\\Debug\\net6.0\\fine-code-coverage\\build-output\\CodeChallenge.UnitTests.dll","CodeFilePath":null,"LineNumber":0,"Properties":[]},"Attachments":[],"Outcome":1,"ErrorMessage":null,"ErrorStackTrace":null,"DisplayName":"CodeChallenge.UnitTests.Controllers.DirectorControllerTests.DeleteDirector_ReturnsTrue","Messages":[],"ComputerName":"DESKTOP-100INJV","Duration":"00:00:00.1145899","StartTime":"2023-03-20T14:42:29.0344317+00:00","EndTime":"2023-03-20T14:42:29.034432+00:00","Properties":[]},{"TestCase":{"Id":"9aa4eeaa-a022-6e05-043e-3aea0258006d","FullyQualifiedName":"CodeChallenge.UnitTests.Controllers.MoviesControllerTests.UpdateMovie_ReturnsFalse","DisplayName":"CodeChallenge.UnitTests.Controllers.MoviesControllerTests.UpdateMovie_ReturnsFalse","ExecutorUri":"executor://xunit/VsTestRunner2/netcoreapp","Source":"D:\\Interview\\CodeChallenge.UnitTests\\bin\\Debug\\net6.0\\fine-code-coverage\\build-output\\CodeChallenge.UnitTests.dll","CodeFilePath":null,"LineNumber":0,"Properties":[]},"Attachments":[],"Outcome":1,"ErrorMessage":null,"ErrorStackTrace":null,"DisplayName":"CodeChallenge.UnitTests.Controllers.MoviesControllerTests.UpdateMovie_ReturnsFalse","Messages":[],"ComputerName":"DESKTOP-100INJV","Duration":"00:00:00.1195448","StartTime":"2023-03-20T14:42:29.0364734+00:00","EndTime":"2023-03-20T14:42:29.0364735+00:00","Properties":[]},{"TestCase":{"Id":"4fa04c22-2840-8804-52ca-db5cbc3d9ff6","FullyQualifiedName":"CodeChallenge.UnitTests.Services.DirectorServiceTests.GetDirectorById_WithDirectorIdNotCorrect_ReturnsNull","DisplayName":"CodeChallenge.UnitTests.Services.DirectorServiceTests.GetDirectorById_WithDirectorIdNotCorrect_ReturnsNull","ExecutorUri":"executor://xunit/VsTestRunner2/netcoreapp","Source":"D:\\Interview\\CodeChallenge.UnitTests\\bin\\Debug\\net6.0\\fine-code-coverage\\build-output\\CodeChallenge.UnitTests.dll","CodeFilePath":null,"LineNumber":0,"Properties":[]},"Attachments":[],"Outcome":1,"ErrorMessage":null,"ErrorStackTrace":null,"DisplayName":"CodeChallenge.UnitTests.Services.DirectorServiceTests.GetDirectorById_WithDirectorIdNotCorrect_ReturnsNull","Messages":[],"ComputerName":"DESKTOP-100INJV","Duration":"00:00:00.0024428","StartTime":"2023-03-20T14:42:29.041148+00:00","EndTime":"2023-03-20T14:42:29.0411482+00:00","Properties":[]},{"TestCase":{"Id":"f374f411-00db-4a66-e837-90739cb69a15","FullyQualifiedName":"CodeChallenge.UnitTests.Services.DirectorServiceTests.GetDirectorById_WithDirectorIdCorrect_ReturnsOk","DisplayName":"CodeChallenge.UnitTests.Services.DirectorServiceTests.GetDirectorById_WithDirectorIdCorrect_ReturnsOk","ExecutorUri":"executor://xunit/VsTestRunner2/netcoreapp","Source":"D:\\Interview\\CodeChallenge.UnitTests\\bin\\Debug\\net6.0\\fine-code-coverage\\build-output\\CodeChallenge.UnitTests.dll","CodeFilePath":null,"LineNumber":0,"Properties":[]},"Attachments":[],"Outcome":1,"ErrorMessage":null,"ErrorStackTrace":null,"DisplayName":"CodeChallenge.UnitTests.Services.DirectorServiceTests.GetDirectorById_WithDirectorIdCorrect_ReturnsOk","Messages":[],"ComputerName":"DESKTOP-100INJV","Duration":"00:00:00.0015015","StartTime":"2023-03-20T14:42:29.0439185+00:00","EndTime":"2023-03-20T14:42:29.0439186+00:00","Properties":[]}],"TestRunStatistics":{"ExecutedTests":7,"Stats":{"Passed":7}},"ActiveTests":[{"Id":"73df861c-a086-a7d5-af2f-b89f3141074b","FullyQualifiedName":"CodeChallenge.UnitTests.Controllers.DirectorControllerTests.UpdateDirector_ReturnsFalse","DisplayName":"CodeChallenge.UnitTests.Controllers.DirectorControllerTests.UpdateDirector_ReturnsFalse","ExecutorUri":"executor://xunit/VsTestRunner2/netcoreapp","Source":"D:\\Interview\\CodeChallenge.UnitTests\\bin\\Debug\\net6.0\\fine-code-coverage\\build-output\\CodeChallenge.UnitTests.dll","CodeFilePath":null,"LineNumber":0,"Properties":[]},{"Id":"7858d2b4-8ef9-4ee8-f582-1b1616b3bd81","FullyQualifiedName":"CodeChallenge.UnitTests.Controllers.MoviesControllerTests.GetMovieById_WithMovieIdCorrect_ReturnsOk","DisplayName":"CodeChallenge.UnitTests.Controllers.MoviesControllerTests.GetMovieById_WithMovieIdCorrect_ReturnsOk","ExecutorUri":"executor://xunit/VsTestRunner2/netcoreapp","Source":"D:\\Interview\\CodeChallenge.UnitTests\\bin\\Debug\\net6.0\\fine-code-coverage\\build-output\\CodeChallenge.UnitTests.dll","CodeFilePath":null,"LineNumber":0,"Properties":[]},{"Id":"cc41b969-7ba7-c07f-9d9b-72096011c8c7","FullyQualifiedName":"CodeChallenge.UnitTests.Services.DirectorServiceTests.CreateDirector_ReturnsNull","DisplayName":"CodeChallenge.UnitTests.Services.DirectorServiceTests.CreateDirector_ReturnsNull","ExecutorUri":"executor://xunit/VsTestRunner2/netcoreapp","Source":"D:\\Interview\\CodeChallenge.UnitTests\\bin\\Debug\\net6.0\\fine-code-coverage\\build-output\\CodeChallenge.UnitTests.dll","CodeFilePath":null,"LineNumber":0,"Properties":[]}]}}
TpTrace Verbose: 0 : 12284, 13, 2023/03/20, 21:42:29.110, 3002835805546, vstest.console.dll, TestRunRequest:SendTestRunStatsChange: Starting.
TpTrace Verbose: 0 : 12284, 13, 2023/03/20, 21:42:29.110, 3002835808093, vstest.console.dll, InProgress is CodeChallenge.UnitTests.Controllers.DirectorControllerTests.UpdateDirector_ReturnsFalse
TpTrace Verbose: 0 : 12284, 13, 2023/03/20, 21:42:29.111, 3002835808966, vstest.console.dll, InProgress is CodeChallenge.UnitTests.Controllers.MoviesControllerTests.GetMovieById_WithMovieIdCorrect_ReturnsOk
TpTrace Verbose: 0 : 12284, 13, 2023/03/20, 21:42:29.111, 3002835809283, vstest.console.dll, InProgress is CodeChallenge.UnitTests.Services.DirectorServiceTests.CreateDirector_ReturnsNull
TpTrace Verbose: 0 : 12284, 13, 2023/03/20, 21:42:29.111, 3002835812649, vstest.console.dll, MulticastDelegateUtilities.SafeInvoke: TestRun.RunStatsChanged: Invoking callbacks was skipped because there are no subscribers.
TpTrace Information: 0 : 12284, 13, 2023/03/20, 21:42:29.111, 3002835813066, vstest.console.dll, TestRunRequest:SendTestRunStatsChange: Completed.
TpTrace Verbose: 0 : 12284, 13, 2023/03/20, 21:42:29.111, 3002835813503, vstest.console.dll, MulticastDelegateUtilities.SafeInvoke: LengthPrefixCommunicationChannel: MessageReceived: Invoking callback 1/1 for Microsoft.VisualStudio.TestPlatform.CommunicationUtilities.TestRequestSender+<>c__DisplayClass31_0., took 33 ms.
TpTrace Verbose: 0 : 12284, 13, 2023/03/20, 21:42:29.111, 3002835814122, vstest.console.dll, TcpClientExtensions.MessageLoopAsync: Polling on remoteEndPoint: 127.0.0.1:64611 localEndPoint: 127.0.0.1:64610
TpTrace Verbose: 0 : 12284, 13, 2023/03/20, 21:42:29.111, 3002835814482, vstest.console.dll, TcpClientExtensions.MessageLoopAsync: NotifyDataAvailable remoteEndPoint: 127.0.0.1:64611 localEndPoint: 127.0.0.1:64610
TpTrace Verbose: 0 : 12284, 13, 2023/03/20, 21:42:29.111, 3002835816077, vstest.console.dll, TestRequestSender.OnExecutionMessageReceived: Received message: {"Version":5,"MessageType":"TestExecution.StatsChange","Payload":{"NewTestResults":[{"TestCase":{"Id":"7858d2b4-8ef9-4ee8-f582-1b1616b3bd81","FullyQualifiedName":"CodeChallenge.UnitTests.Controllers.MoviesControllerTests.GetMovieById_WithMovieIdCorrect_ReturnsOk","DisplayName":"CodeChallenge.UnitTests.Controllers.MoviesControllerTests.GetMovieById_WithMovieIdCorrect_ReturnsOk","ExecutorUri":"executor://xunit/VsTestRunner2/netcoreapp","Source":"D:\\Interview\\CodeChallenge.UnitTests\\bin\\Debug\\net6.0\\fine-code-coverage\\build-output\\CodeChallenge.UnitTests.dll","CodeFilePath":null,"LineNumber":0,"Properties":[]},"Attachments":[],"Outcome":1,"ErrorMessage":null,"ErrorStackTrace":null,"DisplayName":"CodeChallenge.UnitTests.Controllers.MoviesControllerTests.GetMovieById_WithMovieIdCorrect_ReturnsOk","Messages":[],"ComputerName":"DESKTOP-100INJV","Duration":"00:00:00.0039280","StartTime":"2023-03-20T14:42:29.0789235+00:00","EndTime":"2023-03-20T14:42:29.0789238+00:00","Properties":[]},{"TestCase":{"Id":"73df861c-a086-a7d5-af2f-b89f3141074b","FullyQualifiedName":"CodeChallenge.UnitTests.Controllers.DirectorControllerTests.UpdateDirector_ReturnsFalse","DisplayName":"CodeChallenge.UnitTests.Controllers.DirectorControllerTests.UpdateDirector_ReturnsFalse","ExecutorUri":"executor://xunit/VsTestRunner2/netcoreapp","Source":"D:\\Interview\\CodeChallenge.UnitTests\\bin\\Debug\\net6.0\\fine-code-coverage\\build-output\\CodeChallenge.UnitTests.dll","CodeFilePath":null,"LineNumber":0,"Properties":[]},"Attachments":[],"Outcome":1,"ErrorMessage":null,"ErrorStackTrace":null,"DisplayName":"CodeChallenge.UnitTests.Controllers.DirectorControllerTests.UpdateDirector_ReturnsFalse","Messages":[],"ComputerName":"DESKTOP-100INJV","Duration":"00:00:00.0039300","StartTime":"2023-03-20T14:42:29.0808251+00:00","EndTime":"2023-03-20T14:42:29.0808252+00:00","Properties":[]},{"TestCase":{"Id":"cc41b969-7ba7-c07f-9d9b-72096011c8c7","FullyQualifiedName":"CodeChallenge.UnitTests.Services.DirectorServiceTests.CreateDirector_ReturnsNull","DisplayName":"CodeChallenge.UnitTests.Services.DirectorServiceTests.CreateDirector_ReturnsNull","ExecutorUri":"executor://xunit/VsTestRunner2/netcoreapp","Source":"D:\\Interview\\CodeChallenge.UnitTests\\bin\\Debug\\net6.0\\fine-code-coverage\\build-output\\CodeChallenge.UnitTests.dll","CodeFilePath":null,"LineNumber":0,"Properties":[]},"Attachments":[],"Outcome":1,"ErrorMessage":null,"ErrorStackTrace":null,"DisplayName":"CodeChallenge.UnitTests.Services.DirectorServiceTests.CreateDirector_ReturnsNull","Messages":[],"ComputerName":"DESKTOP-100INJV","Duration":"00:00:00.0014151","StartTime":"2023-03-20T14:42:29.0852814+00:00","EndTime":"2023-03-20T14:42:29.0852818+00:00","Properties":[]},{"TestCase":{"Id":"5ff04204-b79a-b73f-95d4-c8a5730ad29e","FullyQualifiedName":"CodeChallenge.UnitTests.Controllers.MoviesControllerTests.DeleteMovie_ReturnsTrue","DisplayName":"CodeChallenge.UnitTests.Controllers.MoviesControllerTests.DeleteMovie_ReturnsTrue","ExecutorUri":"executor://xunit/VsTestRunner2/netcoreapp","Source":"D:\\Interview\\CodeChallenge.UnitTests\\bin\\Debug\\net6.0\\fine-code-coverage\\build-output\\CodeChallenge.UnitTests.dll","CodeFilePath":null,"LineNumber":0,"Properties":[]},"Attachments":[],"Outcome":1,"ErrorMessage":null,"ErrorStackTrace":null,"DisplayName":"CodeChallenge.UnitTests.Controllers.MoviesControllerTests.DeleteMovie_ReturnsTrue","Messages":[],"ComputerName":"DESKTOP-100INJV","Duration":"00:00:00.0026051","StartTime":"2023-03-20T14:42:29.0891747+00:00","EndTime":"2023-03-20T14:42:29.089175+00:00","Properties":[]},{"TestCase":{"Id":"6cac5cdb-4ace-ab4d-6884-d89c2d46818e","FullyQualifiedName":"CodeChallenge.UnitTests.Services.DirectorServiceTests.UpdateDirector_ReturnsFalse","DisplayName":"CodeChallenge.UnitTests.Services.DirectorServiceTests.UpdateDirector_ReturnsFalse","ExecutorUri":"executor://xunit/VsTestRunner2/netcoreapp","Source":"D:\\Interview\\CodeChallenge.UnitTests\\bin\\Debug\\net6.0\\fine-code-coverage\\build-output\\CodeChallenge.UnitTests.dll","CodeFilePath":null,"LineNumber":0,"Properties":[]},"Attachments":[],"Outcome":1,"ErrorMessage":null,"ErrorStackTrace":null,"DisplayName":"CodeChallenge.UnitTests.Services.DirectorServiceTests.UpdateDirector_ReturnsFalse","Messages":[],"ComputerName":"DESKTOP-100INJV","Duration":"00:00:00.0030339","StartTime":"2023-03-20T14:42:29.0925408+00:00","EndTime":"2023-03-20T14:42:29.0925412+00:00","Properties":[]},{"TestCase":{"Id":"01bc44f0-305c-19e6-54cf-45beaff2b0e1","FullyQualifiedName":"CodeChallenge.UnitTests.Controllers.MoviesControllerTests.CreateMovie_ReturnsOk","DisplayName":"CodeChallenge.UnitTests.Controllers.MoviesControllerTests.CreateMovie_ReturnsOk","ExecutorUri":"executor://xunit/VsTestRunner2/netcoreapp","Source":"D:\\Interview\\CodeChallenge.UnitTests\\bin\\Debug\\net6.0\\fine-code-coverage\\build-output\\CodeChallenge.UnitTests.dll","CodeFilePath":null,"LineNumber":0,"Properties":[]},"Attachments":[],"Outcome":1,"ErrorMessage":null,"ErrorStackTrace":null,"DisplayName":"CodeChallenge.UnitTests.Controllers.MoviesControllerTests.CreateMovie_ReturnsOk","Messages":[],"ComputerName":"DESKTOP-100INJV","Duration":"00:00:00.0035347","StartTime":"2023-03-20T14:42:29.0956405+00:00","EndTime":"2023-03-20T14:42:29.0956406+00:00","Properties":[]},{"TestCase":{"Id":"d5481f04-1d38-9ed0-e4d9-7efdff36d045","FullyQualifiedName":"CodeChallenge.UnitTests.Controllers.MoviesControllerTests.GetMoviesAll_ReturnsOk","DisplayName":"CodeChallenge.UnitTests.Controllers.MoviesControllerTests.GetMoviesAll_ReturnsOk","ExecutorUri":"executor://xunit/VsTestRunner2/netcoreapp","Source":"D:\\Interview\\CodeChallenge.UnitTests\\bin\\Debug\\net6.0\\fine-code-coverage\\build-output\\CodeChallenge.UnitTests.dll","CodeFilePath":null,"LineNumber":0,"Properties":[]},"Attachments":[],"Outcome":1,"ErrorMessage":null,"ErrorStackTrace":null,"DisplayName":"CodeChallenge.UnitTests.Controllers.MoviesControllerTests.GetMoviesAll_ReturnsOk","Messages":[],"ComputerName":"DESKTOP-100INJV","Duration":"00:00:00.0209786","StartTime":"2023-03-20T14:42:29.0986391+00:00","EndTime":"2023-03-20T14:42:29.0986393+00:00","Properties":[]},{"TestCase":{"Id":"180cbbbf-277d-08b3-72a5-fb9c5c0f7958","FullyQualifiedName":"CodeChallenge.UnitTests.Controllers.DirectorControllerTests.GetDirectorsAll_ReturnsOk","DisplayName":"CodeChallenge.UnitTests.Controllers.DirectorControllerTests.GetDirectorsAll_ReturnsOk","ExecutorUri":"executor://xunit/VsTestRunner2/netcoreapp","Source":"D:\\Interview\\CodeChallenge.UnitTests\\bin\\Debug\\net6.0\\fine-code-coverage\\build-output\\CodeChallenge.UnitTests.dll","CodeFilePath":null,"LineNumber":0,"Properties":[]},"Attachments":[],"Outcome":1,"ErrorMessage":null,"ErrorStackTrace":null,"DisplayName":"CodeChallenge.UnitTests.Controllers.DirectorControllerTests.GetDirectorsAll_ReturnsOk","Messages":[],"ComputerName":"DESKTOP-100INJV","Duration":"00:00:00.0273554","StartTime":"2023-03-20T14:42:29.1002094+00:00","EndTime":"2023-03-20T14:42:29.1002094+00:00","Properties":[]},{"TestCase":{"Id":"f57f7b00-f731-05c4-5095-80589efe7733","FullyQualifiedName":"CodeChallenge.UnitTests.Services.DirectorServiceTests.GetDirectorsAll_ReturnsOk","DisplayName":"CodeChallenge.UnitTests.Services.DirectorServiceTests.GetDirectorsAll_ReturnsOk","ExecutorUri":"executor://xunit/VsTestRunner2/netcoreapp","Source":"D:\\Interview\\CodeChallenge.UnitTests\\bin\\Debug\\net6.0\\fine-code-coverage\\build-output\\CodeChallenge.UnitTests.dll","CodeFilePath":null,"LineNumber":0,"Properties":[]},"Attachments":[],"Outcome":1,"ErrorMessage":null,"ErrorStackTrace":null,"DisplayName":"CodeChallenge.UnitTests.Services.DirectorServiceTests.GetDirectorsAll_ReturnsOk","Messages":[],"ComputerName":"DESKTOP-100INJV","Duration":"00:00:00.0235967","StartTime":"2023-03-20T14:42:29.1015929+00:00","EndTime":"2023-03-20T14:42:29.1015929+00:00","Properties":[]}],"TestRunStatistics":{"ExecutedTests":16,"Stats":{"Passed":16}},"ActiveTests":[{"Id":"d2922f24-f743-283b-9a76-5a53006adb7e","FullyQualifiedName":"CodeChallenge.UnitTests.Services.DirectorServiceTests.DeleteDirector_ReturnsFalse","DisplayName":"CodeChallenge.UnitTests.Services.DirectorServiceTests.DeleteDirector_ReturnsFalse","ExecutorUri":"executor://xunit/VsTestRunner2/netcoreapp","Source":"D:\\Interview\\CodeChallenge.UnitTests\\bin\\Debug\\net6.0\\fine-code-coverage\\build-output\\CodeChallenge.UnitTests.dll","CodeFilePath":null,"LineNumber":0,"Properties":[]}]}}
TpTrace Verbose: 0 : 12284, 13, 2023/03/20, 21:42:29.112, 3002835826491, vstest.console.dll, TestRunRequest:SendTestRunStatsChange: Starting.
TpTrace Verbose: 0 : 12284, 13, 2023/03/20, 21:42:29.112, 3002835827331, vstest.console.dll, InProgress is CodeChallenge.UnitTests.Services.DirectorServiceTests.DeleteDirector_ReturnsFalse
TpTrace Verbose: 0 : 12284, 13, 2023/03/20, 21:42:29.112, 3002835828088, vstest.console.dll, MulticastDelegateUtilities.SafeInvoke: TestRun.RunStatsChanged: Invoking callbacks was skipped because there are no subscribers.
TpTrace Information: 0 : 12284, 13, 2023/03/20, 21:42:29.112, 3002835828352, vstest.console.dll, TestRunRequest:SendTestRunStatsChange: Completed.
TpTrace Verbose: 0 : 12284, 13, 2023/03/20, 21:42:29.113, 3002835828638, vstest.console.dll, MulticastDelegateUtilities.SafeInvoke: LengthPrefixCommunicationChannel: MessageReceived: Invoking callback 1/1 for Microsoft.VisualStudio.TestPlatform.CommunicationUtilities.TestRequestSender+<>c__DisplayClass31_0., took 1 ms.
TpTrace Verbose: 0 : 12284, 13, 2023/03/20, 21:42:29.113, 3002835828921, vstest.console.dll, TcpClientExtensions.MessageLoopAsync: Polling on remoteEndPoint: 127.0.0.1:64611 localEndPoint: 127.0.0.1:64610
TpTrace Verbose: 0 : 12284, 4, 2023/03/20, 21:42:29.114, 3002835847486, vstest.console.dll, MulticastDelegateUtilities.SafeInvoke: InternalTestLoggerEvents.SendTestResult: Invoking callback 1/1 for Microsoft.VisualStudio.TestPlatform.CommandLine.Internal.ConsoleLogger., took 3 ms.
TpTrace Verbose: 0 : 12284, 4, 2023/03/20, 21:42:29.115, 3002835850720, vstest.console.dll, MulticastDelegateUtilities.SafeInvoke: InternalTestLoggerEvents.SendTestResult: Invoking callback 1/1 for Microsoft.VisualStudio.TestPlatform.CommandLine.Internal.ConsoleLogger., took 0 ms.
TpTrace Verbose: 0 : 12284, 4, 2023/03/20, 21:42:29.115, 3002835851291, vstest.console.dll, MulticastDelegateUtilities.SafeInvoke: InternalTestLoggerEvents.SendTestResult: Invoking callback 1/1 for Microsoft.VisualStudio.TestPlatform.CommandLine.Internal.ConsoleLogger., took 0 ms.
TpTrace Verbose: 0 : 12284, 4, 2023/03/20, 21:42:29.115, 3002835851701, vstest.console.dll, MulticastDelegateUtilities.SafeInvoke: InternalTestLoggerEvents.SendTestResult: Invoking callback 1/1 for Microsoft.VisualStudio.TestPlatform.CommandLine.Internal.ConsoleLogger., took 0 ms.
TpTrace Verbose: 0 : 12284, 4, 2023/03/20, 21:42:29.115, 3002835852033, vstest.console.dll, MulticastDelegateUtilities.SafeInvoke: InternalTestLoggerEvents.SendTestResult: Invoking callback 1/1 for Microsoft.VisualStudio.TestPlatform.CommandLine.Internal.ConsoleLogger., took 0 ms.
TpTrace Verbose: 0 : 12284, 4, 2023/03/20, 21:42:29.115, 3002835852486, vstest.console.dll, MulticastDelegateUtilities.SafeInvoke: InternalTestLoggerEvents.SendTestResult: Invoking callback 1/1 for Microsoft.VisualStudio.TestPlatform.CommandLine.Internal.ConsoleLogger., took 0 ms.
TpTrace Verbose: 0 : 12284, 4, 2023/03/20, 21:42:29.115, 3002835853357, vstest.console.dll, MulticastDelegateUtilities.SafeInvoke: InternalTestLoggerEvents.SendTestResult: Invoking callback 1/1 for Microsoft.VisualStudio.TestPlatform.CommandLine.Internal.ConsoleLogger., took 0 ms.
TpTrace Verbose: 0 : 12284, 4, 2023/03/20, 21:42:29.115, 3002835853787, vstest.console.dll, MulticastDelegateUtilities.SafeInvoke: InternalTestLoggerEvents.SendTestResult: Invoking callback 1/1 for Microsoft.VisualStudio.TestPlatform.CommandLine.Internal.ConsoleLogger., took 0 ms.
TpTrace Verbose: 0 : 12284, 4, 2023/03/20, 21:42:29.115, 3002835854299, vstest.console.dll, MulticastDelegateUtilities.SafeInvoke: InternalTestLoggerEvents.SendTestResult: Invoking callback 1/1 for Microsoft.VisualStudio.TestPlatform.CommandLine.Internal.ConsoleLogger., took 0 ms.
TpTrace Verbose: 0 : 12284, 4, 2023/03/20, 21:42:29.115, 3002835854675, vstest.console.dll, MulticastDelegateUtilities.SafeInvoke: InternalTestLoggerEvents.SendTestResult: Invoking callback 1/1 for Microsoft.VisualStudio.TestPlatform.CommandLine.Internal.ConsoleLogger., took 0 ms.
TpTrace Verbose: 0 : 12284, 4, 2023/03/20, 21:42:29.116, 3002835865624, vstest.console.dll, MulticastDelegateUtilities.SafeInvoke: InternalTestLoggerEvents.SendTestResult: Invoking callback 1/1 for Microsoft.VisualStudio.TestPlatform.CommandLine.Internal.ConsoleLogger., took 1 ms.
TpTrace Verbose: 0 : 12284, 4, 2023/03/20, 21:42:29.116, 3002835867026, vstest.console.dll, MulticastDelegateUtilities.SafeInvoke: InternalTestLoggerEvents.SendTestResult: Invoking callback 1/1 for Microsoft.VisualStudio.TestPlatform.CommandLine.Internal.ConsoleLogger., took 0 ms.
TpTrace Verbose: 0 : 12284, 4, 2023/03/20, 21:42:29.116, 3002835867522, vstest.console.dll, MulticastDelegateUtilities.SafeInvoke: InternalTestLoggerEvents.SendTestResult: Invoking callback 1/1 for Microsoft.VisualStudio.TestPlatform.CommandLine.Internal.ConsoleLogger., took 0 ms.
TpTrace Verbose: 0 : 12284, 4, 2023/03/20, 21:42:29.116, 3002835868005, vstest.console.dll, MulticastDelegateUtilities.SafeInvoke: InternalTestLoggerEvents.SendTestResult: Invoking callback 1/1 for Microsoft.VisualStudio.TestPlatform.CommandLine.Internal.ConsoleLogger., took 0 ms.
TpTrace Verbose: 0 : 12284, 4, 2023/03/20, 21:42:29.116, 3002835868468, vstest.console.dll, MulticastDelegateUtilities.SafeInvoke: InternalTestLoggerEvents.SendTestResult: Invoking callback 1/1 for Microsoft.VisualStudio.TestPlatform.CommandLine.Internal.ConsoleLogger., took 0 ms.
TpTrace Verbose: 0 : 12284, 4, 2023/03/20, 21:42:29.117, 3002835868931, vstest.console.dll, MulticastDelegateUtilities.SafeInvoke: InternalTestLoggerEvents.SendTestResult: Invoking callback 1/1 for Microsoft.VisualStudio.TestPlatform.CommandLine.Internal.ConsoleLogger., took 0 ms.
TpTrace Verbose: 0 : 12284, 13, 2023/03/20, 21:42:29.128, 3002835982064, vstest.console.dll, TcpClientExtensions.MessageLoopAsync: NotifyDataAvailable remoteEndPoint: 127.0.0.1:64611 localEndPoint: 127.0.0.1:64610
TpTrace Verbose: 0 : 12284, 13, 2023/03/20, 21:42:29.128, 3002835984774, vstest.console.dll, TestRequestSender.OnExecutionMessageReceived: Received message: {"Version":5,"MessageType":"TestExecution.StatsChange","Payload":{"NewTestResults":[{"TestCase":{"Id":"d3d15e77-184a-cefb-bfbb-dd1cd711aee4","FullyQualifiedName":"CodeChallenge.UnitTests.Controllers.MoviesControllerTests.DeleteMovie_ReturnsFalse","DisplayName":"CodeChallenge.UnitTests.Controllers.MoviesControllerTests.DeleteMovie_ReturnsFalse","ExecutorUri":"executor://xunit/VsTestRunner2/netcoreapp","Source":"D:\\Interview\\CodeChallenge.UnitTests\\bin\\Debug\\net6.0\\fine-code-coverage\\build-output\\CodeChallenge.UnitTests.dll","CodeFilePath":null,"LineNumber":0,"Properties":[]},"Attachments":[],"Outcome":1,"ErrorMessage":null,"ErrorStackTrace":null,"DisplayName":"CodeChallenge.UnitTests.Controllers.MoviesControllerTests.DeleteMovie_ReturnsFalse","Messages":[],"ComputerName":"DESKTOP-100INJV","Duration":"00:00:00.0014746","StartTime":"2023-03-20T14:42:29.1094439+00:00","EndTime":"2023-03-20T14:42:29.1094441+00:00","Properties":[]},{"TestCase":{"Id":"d2922f24-f743-283b-9a76-5a53006adb7e","FullyQualifiedName":"CodeChallenge.UnitTests.Services.DirectorServiceTests.DeleteDirector_ReturnsFalse","DisplayName":"CodeChallenge.UnitTests.Services.DirectorServiceTests.DeleteDirector_ReturnsFalse","ExecutorUri":"executor://xunit/VsTestRunner2/netcoreapp","Source":"D:\\Interview\\CodeChallenge.UnitTests\\bin\\Debug\\net6.0\\fine-code-coverage\\build-output\\CodeChallenge.UnitTests.dll","CodeFilePath":null,"LineNumber":0,"Properties":[]},"Attachments":[],"Outcome":1,"ErrorMessage":null,"ErrorStackTrace":null,"DisplayName":"CodeChallenge.UnitTests.Services.DirectorServiceTests.DeleteDirector_ReturnsFalse","Messages":[],"ComputerName":"DESKTOP-100INJV","Duration":"00:00:00.0019066","StartTime":"2023-03-20T14:42:29.1123588+00:00","EndTime":"2023-03-20T14:42:29.112359+00:00","Properties":[]},{"TestCase":{"Id":"b2a52b9a-7294-50a5-54f6-5d6db67e3e4c","FullyQualifiedName":"CodeChallenge.UnitTests.Controllers.DirectorControllerTests.UpdateDirector_ReturnsTrue","DisplayName":"CodeChallenge.UnitTests.Controllers.DirectorControllerTests.UpdateDirector_ReturnsTrue","ExecutorUri":"executor://xunit/VsTestRunner2/netcoreapp","Source":"D:\\Interview\\CodeChallenge.UnitTests\\bin\\Debug\\net6.0\\fine-code-coverage\\build-output\\CodeChallenge.UnitTests.dll","CodeFilePath":null,"LineNumber":0,"Properties":[]},"Attachments":[],"Outcome":1,"ErrorMessage":null,"ErrorStackTrace":null,"DisplayName":"CodeChallenge.UnitTests.Controllers.DirectorControllerTests.UpdateDirector_ReturnsTrue","Messages":[],"ComputerName":"DESKTOP-100INJV","Duration":"00:00:00.0024521","StartTime":"2023-03-20T14:42:29.1149421+00:00","EndTime":"2023-03-20T14:42:29.1149424+00:00","Properties":[]},{"TestCase":{"Id":"be6bd346-9355-19cd-9dd8-94b589ef4f46","FullyQualifiedName":"CodeChallenge.UnitTests.Controllers.MoviesControllerTests.Constructor_NullMovieService_ThrowException","DisplayName":"CodeChallenge.UnitTests.Controllers.MoviesControllerTests.Constructor_NullMovieService_ThrowException","ExecutorUri":"executor://xunit/VsTestRunner2/netcoreapp","Source":"D:\\Interview\\CodeChallenge.UnitTests\\bin\\Debug\\net6.0\\fine-code-coverage\\build-output\\CodeChallenge.UnitTests.dll","CodeFilePath":null,"LineNumber":0,"Properties":[]},"Attachments":[],"Outcome":1,"ErrorMessage":null,"ErrorStackTrace":null,"DisplayName":"CodeChallenge.UnitTests.Controllers.MoviesControllerTests.Constructor_NullMovieService_ThrowException","Messages":[],"ComputerName":"DESKTOP-100INJV","Duration":"00:00:00.0009733","StartTime":"2023-03-20T14:42:29.1176537+00:00","EndTime":"2023-03-20T14:42:29.117654+00:00","Properties":[]},{"TestCase":{"Id":"3dd81d8e-58bf-3e71-976a-e50b20cd2ce8","FullyQualifiedName":"CodeChallenge.UnitTests.Services.DirectorServiceTests.UpdateDirector_ReturnsTrue","DisplayName":"CodeChallenge.UnitTests.Services.DirectorServiceTests.UpdateDirector_ReturnsTrue","ExecutorUri":"executor://xunit/VsTestRunner2/netcoreapp","Source":"D:\\Interview\\CodeChallenge.UnitTests\\bin\\Debug\\net6.0\\fine-code-coverage\\build-output\\CodeChallenge.UnitTests.dll","CodeFilePath":null,"LineNumber":0,"Properties":[]},"Attachments":[],"Outcome":1,"ErrorMessage":null,"ErrorStackTrace":null,"DisplayName":"CodeChallenge.UnitTests.Services.DirectorServiceTests.UpdateDirector_ReturnsTrue","Messages":[],"ComputerName":"DESKTOP-100INJV","Duration":"00:00:00.0017817","StartTime":"2023-03-20T14:42:29.120527+00:00","EndTime":"2023-03-20T14:42:29.1205273+00:00","Properties":[]},{"TestCase":{"Id":"e61f24d2-70e2-cec2-a28c-a12ee4485b2e","FullyQualifiedName":"CodeChallenge.UnitTests.Controllers.MoviesControllerTests.GetMovieById_WithMovieIdNotCorrect_ReturnsNotFound","DisplayName":"CodeChallenge.UnitTests.Controllers.MoviesControllerTests.GetMovieById_WithMovieIdNotCorrect_ReturnsNotFound","ExecutorUri":"executor://xunit/VsTestRunner2/netcoreapp","Source":"D:\\Interview\\CodeChallenge.UnitTests\\bin\\Debug\\net6.0\\fine-code-coverage\\build-output\\CodeChallenge.UnitTests.dll","CodeFilePath":null,"LineNumber":0,"Properties":[]},"Attachments":[],"Outcome":1,"ErrorMessage":null,"ErrorStackTrace":null,"DisplayName":"CodeChallenge.UnitTests.Controllers.MoviesControllerTests.GetMovieById_WithMovieIdNotCorrect_ReturnsNotFound","Messages":[],"ComputerName":"DESKTOP-100INJV","Duration":"00:00:00.0014612","StartTime":"2023-03-20T14:42:29.1235042+00:00","EndTime":"2023-03-20T14:42:29.1235043+00:00","Properties":[]},{"TestCase":{"Id":"38a3976e-0cc6-0b0b-c612-6761905747d3","FullyQualifiedName":"CodeChallenge.UnitTests.Services.DirectorServiceTests.DeleteDirector_ReturnsTrue","DisplayName":"CodeChallenge.UnitTests.Services.DirectorServiceTests.DeleteDirector_ReturnsTrue","ExecutorUri":"executor://xunit/VsTestRunner2/netcoreapp","Source":"D:\\Interview\\CodeChallenge.UnitTests\\bin\\Debug\\net6.0\\fine-code-coverage\\build-output\\CodeChallenge.UnitTests.dll","CodeFilePath":null,"LineNumber":0,"Properties":[]},"Attachments":[],"Outcome":1,"ErrorMessage":null,"ErrorStackTrace":null,"DisplayName":"CodeChallenge.UnitTests.Services.DirectorServiceTests.DeleteDirector_ReturnsTrue","Messages":[],"ComputerName":"DESKTOP-100INJV","Duration":"00:00:00.0012800","StartTime":"2023-03-20T14:42:29.1254755+00:00","EndTime":"2023-03-20T14:42:29.1254758+00:00","Properties":[]},{"TestCase":{"Id":"db80951f-da03-e4e1-0e8d-60250774b6d9","FullyQualifiedName":"CodeChallenge.UnitTests.Controllers.DirectorControllerTests.GetDirectorById_WithDirectorIdCorrect_ReturnsOk","DisplayName":"CodeChallenge.UnitTests.Controllers.DirectorControllerTests.GetDirectorById_WithDirectorIdCorrect_ReturnsOk","ExecutorUri":"executor://xunit/VsTestRunner2/netcoreapp","Source":"D:\\Interview\\CodeChallenge.UnitTests\\bin\\Debug\\net6.0\\fine-code-coverage\\build-output\\CodeChallenge.UnitTests.dll","CodeFilePath":null,"LineNumber":0,"Properties":[]},"Attachments":[],"Outcome":1,"ErrorMessage":null,"ErrorStackTrace":null,"DisplayName":"CodeChallenge.UnitTests.Controllers.DirectorControllerTests.GetDirectorById_WithDirectorIdCorrect_ReturnsOk","Messages":[],"ComputerName":"DESKTOP-100INJV","Duration":"00:00:00.0030510","StartTime":"2023-03-20T14:42:29.126525+00:00","EndTime":"2023-03-20T14:42:29.1265251+00:00","Properties":[]}],"TestRunStatistics":{"ExecutedTests":24,"Stats":{"Passed":24}},"ActiveTests":[{"Id":"df64df3a-2c94-a76e-0eb9-d9d5a409adb7","FullyQualifiedName":"CodeChallenge.UnitTests.Controllers.MoviesControllerTests.UpdateMovie_ReturnsTrue","DisplayName":"CodeChallenge.UnitTests.Controllers.MoviesControllerTests.UpdateMovie_ReturnsTrue","ExecutorUri":"executor://xunit/VsTestRunner2/netcoreapp","Source":"D:\\Interview\\CodeChallenge.UnitTests\\bin\\Debug\\net6.0\\fine-code-coverage\\build-output\\CodeChallenge.UnitTests.dll","CodeFilePath":null,"LineNumber":0,"Properties":[]},{"Id":"2c005cc4-fe00-6e9f-9f99-ac0129affdb9","FullyQualifiedName":"CodeChallenge.UnitTests.Controllers.DirectorControllerTests.Constructor_NullDirectorService_ThrowException","DisplayName":"CodeChallenge.UnitTests.Controllers.DirectorControllerTests.Constructor_NullDirectorService_ThrowException","ExecutorUri":"executor://xunit/VsTestRunner2/netcoreapp","Source":"D:\\Interview\\CodeChallenge.UnitTests\\bin\\Debug\\net6.0\\fine-code-coverage\\build-output\\CodeChallenge.UnitTests.dll","CodeFilePath":null,"LineNumber":0,"Properties":[]}]}}
TpTrace Verbose: 0 : 12284, 13, 2023/03/20, 21:42:29.129, 3002835992601, vstest.console.dll, TestRunRequest:SendTestRunStatsChange: Starting.
TpTrace Verbose: 0 : 12284, 13, 2023/03/20, 21:42:29.129, 3002835993291, vstest.console.dll, InProgress is CodeChallenge.UnitTests.Controllers.MoviesControllerTests.UpdateMovie_ReturnsTrue
TpTrace Verbose: 0 : 12284, 13, 2023/03/20, 21:42:29.129, 3002835993530, vstest.console.dll, InProgress is CodeChallenge.UnitTests.Controllers.DirectorControllerTests.Constructor_NullDirectorService_ThrowException
TpTrace Verbose: 0 : 12284, 13, 2023/03/20, 21:42:29.129, 3002835994074, vstest.console.dll, MulticastDelegateUtilities.SafeInvoke: TestRun.RunStatsChanged: Invoking callbacks was skipped because there are no subscribers.
TpTrace Information: 0 : 12284, 13, 2023/03/20, 21:42:29.129, 3002835994331, vstest.console.dll, TestRunRequest:SendTestRunStatsChange: Completed.
TpTrace Verbose: 0 : 12284, 13, 2023/03/20, 21:42:29.129, 3002835994662, vstest.console.dll, MulticastDelegateUtilities.SafeInvoke: LengthPrefixCommunicationChannel: MessageReceived: Invoking callback 1/1 for Microsoft.VisualStudio.TestPlatform.CommunicationUtilities.TestRequestSender+<>c__DisplayClass31_0., took 1 ms.
TpTrace Verbose: 0 : 12284, 4, 2023/03/20, 21:42:29.129, 3002835994821, vstest.console.dll, MulticastDelegateUtilities.SafeInvoke: InternalTestLoggerEvents.SendTestResult: Invoking callback 1/1 for Microsoft.VisualStudio.TestPlatform.CommandLine.Internal.ConsoleLogger., took 0 ms.
TpTrace Verbose: 0 : 12284, 13, 2023/03/20, 21:42:29.129, 3002835994963, vstest.console.dll, TcpClientExtensions.MessageLoopAsync: Polling on remoteEndPoint: 127.0.0.1:64611 localEndPoint: 127.0.0.1:64610
TpTrace Verbose: 0 : 12284, 4, 2023/03/20, 21:42:29.129, 3002835995457, vstest.console.dll, MulticastDelegateUtilities.SafeInvoke: InternalTestLoggerEvents.SendTestResult: Invoking callback 1/1 for Microsoft.VisualStudio.TestPlatform.CommandLine.Internal.ConsoleLogger., took 0 ms.
TpTrace Verbose: 0 : 12284, 4, 2023/03/20, 21:42:29.129, 3002835996131, vstest.console.dll, MulticastDelegateUtilities.SafeInvoke: InternalTestLoggerEvents.SendTestResult: Invoking callback 1/1 for Microsoft.VisualStudio.TestPlatform.CommandLine.Internal.ConsoleLogger., took 0 ms.
TpTrace Verbose: 0 : 12284, 4, 2023/03/20, 21:42:29.129, 3002835996557, vstest.console.dll, MulticastDelegateUtilities.SafeInvoke: InternalTestLoggerEvents.SendTestResult: Invoking callback 1/1 for Microsoft.VisualStudio.TestPlatform.CommandLine.Internal.ConsoleLogger., took 0 ms.
TpTrace Verbose: 0 : 12284, 4, 2023/03/20, 21:42:29.129, 3002835996868, vstest.console.dll, MulticastDelegateUtilities.SafeInvoke: InternalTestLoggerEvents.SendTestResult: Invoking callback 1/1 for Microsoft.VisualStudio.TestPlatform.CommandLine.Internal.ConsoleLogger., took 0 ms.
TpTrace Verbose: 0 : 12284, 4, 2023/03/20, 21:42:29.129, 3002835997161, vstest.console.dll, MulticastDelegateUtilities.SafeInvoke: InternalTestLoggerEvents.SendTestResult: Invoking callback 1/1 for Microsoft.VisualStudio.TestPlatform.CommandLine.Internal.ConsoleLogger., took 0 ms.
TpTrace Verbose: 0 : 12284, 4, 2023/03/20, 21:42:29.129, 3002835997537, vstest.console.dll, MulticastDelegateUtilities.SafeInvoke: InternalTestLoggerEvents.SendTestResult: Invoking callback 1/1 for Microsoft.VisualStudio.TestPlatform.CommandLine.Internal.ConsoleLogger., took 0 ms.
TpTrace Verbose: 0 : 12284, 4, 2023/03/20, 21:42:29.129, 3002835997833, vstest.console.dll, MulticastDelegateUtilities.SafeInvoke: InternalTestLoggerEvents.SendTestResult: Invoking callback 1/1 for Microsoft.VisualStudio.TestPlatform.CommandLine.Internal.ConsoleLogger., took 0 ms.
TpTrace Verbose: 0 : 12284, 13, 2023/03/20, 21:42:29.148, 3002836187820, vstest.console.dll, TcpClientExtensions.MessageLoopAsync: NotifyDataAvailable remoteEndPoint: 127.0.0.1:64611 localEndPoint: 127.0.0.1:64610
TpTrace Verbose: 0 : 12284, 13, 2023/03/20, 21:42:29.149, 3002836189314, vstest.console.dll, TestRequestSender.OnExecutionMessageReceived: Received message: {"Version":5,"MessageType":"TestSession.Message","Payload":{"MessageLevel":0,"Message":"[xUnit.net 00:00:01.18]   Finished:    CodeChallenge.UnitTests"}}
TpTrace Verbose: 0 : 12284, 13, 2023/03/20, 21:42:29.149, 3002836191145, vstest.console.dll, TestRunRequest:SendTestRunMessage: Starting.
TpTrace Verbose: 0 : 12284, 13, 2023/03/20, 21:42:29.149, 3002836192176, vstest.console.dll, MulticastDelegateUtilities.SafeInvoke: TestRun.LogMessages: Invoking callback 1/1 for Microsoft.VisualStudio.TestPlatform.CommandLine.TestRunResultAggregator., took 0 ms.
TpTrace Verbose: 0 : 12284, 4, 2023/03/20, 21:42:29.149, 3002836192256, vstest.console.dll, MulticastDelegateUtilities.SafeInvoke: InternalTestLoggerEvents.SendTestRunMessage: Invoking callback 1/1 for Microsoft.VisualStudio.TestPlatform.CommandLine.Internal.ConsoleLogger., took 0 ms.
TpTrace Information: 0 : 12284, 13, 2023/03/20, 21:42:29.149, 3002836192548, vstest.console.dll, TestRunRequest:SendTestRunMessage: Completed.
TpTrace Verbose: 0 : 12284, 13, 2023/03/20, 21:42:29.149, 3002836193834, vstest.console.dll, MulticastDelegateUtilities.SafeInvoke: LengthPrefixCommunicationChannel: MessageReceived: Invoking callback 1/1 for Microsoft.VisualStudio.TestPlatform.CommunicationUtilities.TestRequestSender+<>c__DisplayClass31_0., took 0 ms.
TpTrace Verbose: 0 : 12284, 13, 2023/03/20, 21:42:29.149, 3002836194356, vstest.console.dll, TcpClientExtensions.MessageLoopAsync: Polling on remoteEndPoint: 127.0.0.1:64611 localEndPoint: 127.0.0.1:64610
TpTrace Verbose: 0 : 12284, 13, 2023/03/20, 21:42:29.163, 3002836333697, vstest.console.dll, TcpClientExtensions.MessageLoopAsync: NotifyDataAvailable remoteEndPoint: 127.0.0.1:64611 localEndPoint: 127.0.0.1:64610
TpTrace Verbose: 0 : 12284, 13, 2023/03/20, 21:42:29.163, 3002836336308, vstest.console.dll, TestRequestSender.OnExecutionMessageReceived: Received message: {"Version":5,"MessageType":"TestExecution.Completed","Payload":{"TestRunCompleteArgs":{"TestRunStatistics":{"ExecutedTests":31,"Stats":{"Passed":31}},"IsCanceled":false,"IsAborted":false,"Error":null,"AttachmentSets":[],"ElapsedTimeInRunningTests":"00:00:01.1935336","Metrics":{}},"LastRunTests":{"NewTestResults":[{"TestCase":{"Id":"df64df3a-2c94-a76e-0eb9-d9d5a409adb7","FullyQualifiedName":"CodeChallenge.UnitTests.Controllers.MoviesControllerTests.UpdateMovie_ReturnsTrue","DisplayName":"CodeChallenge.UnitTests.Controllers.MoviesControllerTests.UpdateMovie_ReturnsTrue","ExecutorUri":"executor://xunit/VsTestRunner2/netcoreapp","Source":"D:\\Interview\\CodeChallenge.UnitTests\\bin\\Debug\\net6.0\\fine-code-coverage\\build-output\\CodeChallenge.UnitTests.dll","CodeFilePath":null,"LineNumber":0,"Properties":[]},"Attachments":[],"Outcome":1,"ErrorMessage":null,"ErrorStackTrace":null,"DisplayName":"CodeChallenge.UnitTests.Controllers.MoviesControllerTests.UpdateMovie_ReturnsTrue","Messages":[],"ComputerName":"DESKTOP-100INJV","Duration":"00:00:00.0018792","StartTime":"2023-03-20T14:42:29.1294622+00:00","EndTime":"2023-03-20T14:42:29.1294624+00:00","Properties":[]},{"TestCase":{"Id":"2c005cc4-fe00-6e9f-9f99-ac0129affdb9","FullyQualifiedName":"CodeChallenge.UnitTests.Controllers.DirectorControllerTests.Constructor_NullDirectorService_ThrowException","DisplayName":"CodeChallenge.UnitTests.Controllers.DirectorControllerTests.Constructor_NullDirectorService_ThrowException","ExecutorUri":"executor://xunit/VsTestRunner2/netcoreapp","Source":"D:\\Interview\\CodeChallenge.UnitTests\\bin\\Debug\\net6.0\\fine-code-coverage\\build-output\\CodeChallenge.UnitTests.dll","CodeFilePath":null,"LineNumber":0,"Properties":[]},"Attachments":[],"Outcome":1,"ErrorMessage":null,"ErrorStackTrace":null,"DisplayName":"CodeChallenge.UnitTests.Controllers.DirectorControllerTests.Constructor_NullDirectorService_ThrowException","Messages":[],"ComputerName":"DESKTOP-100INJV","Duration":"00:00:00.0011305","StartTime":"2023-03-20T14:42:29.1319508+00:00","EndTime":"2023-03-20T14:42:29.1319509+00:00","Properties":[]},{"TestCase":{"Id":"116ae314-0a60-6d51-7bf6-126287cbfd6b","FullyQualifiedName":"CodeChallenge.UnitTests.Controllers.MoviesControllerTests.CreateMovie_ReturnsNotFound","DisplayName":"CodeChallenge.UnitTests.Controllers.MoviesControllerTests.CreateMovie_ReturnsNotFound","ExecutorUri":"executor://xunit/VsTestRunner2/netcoreapp","Source":"D:\\Interview\\CodeChallenge.UnitTests\\bin\\Debug\\net6.0\\fine-code-coverage\\build-output\\CodeChallenge.UnitTests.dll","CodeFilePath":null,"LineNumber":0,"Properties":[]},"Attachments":[],"Outcome":1,"ErrorMessage":null,"ErrorStackTrace":null,"DisplayName":"CodeChallenge.UnitTests.Controllers.MoviesControllerTests.CreateMovie_ReturnsNotFound","Messages":[],"ComputerName":"DESKTOP-100INJV","Duration":"00:00:00.0012943","StartTime":"2023-03-20T14:42:29.1340041+00:00","EndTime":"2023-03-20T14:42:29.1340042+00:00","Properties":[]},{"TestCase":{"Id":"e7beb647-7324-911a-f112-18714f80ac6a","FullyQualifiedName":"CodeChallenge.UnitTests.Controllers.DirectorControllerTests.DeleteDirector_ReturnsFalse","DisplayName":"CodeChallenge.UnitTests.Controllers.DirectorControllerTests.DeleteDirector_ReturnsFalse","ExecutorUri":"executor://xunit/VsTestRunner2/netcoreapp","Source":"D:\\Interview\\CodeChallenge.UnitTests\\bin\\Debug\\net6.0\\fine-code-coverage\\build-output\\CodeChallenge.UnitTests.dll","CodeFilePath":null,"LineNumber":0,"Properties":[]},"Attachments":[],"Outcome":1,"ErrorMessage":null,"ErrorStackTrace":null,"DisplayName":"CodeChallenge.UnitTests.Controllers.DirectorControllerTests.DeleteDirector_ReturnsFalse","Messages":[],"ComputerName":"DESKTOP-100INJV","Duration":"00:00:00.0018063","StartTime":"2023-03-20T14:42:29.1350998+00:00","EndTime":"2023-03-20T14:42:29.1350999+00:00","Properties":[]},{"TestCase":{"Id":"79b77046-b147-ed8c-e06e-5c92be2a1a85","FullyQualifiedName":"CodeChallenge.UnitTests.Controllers.DirectorControllerTests.CreateDirector_ReturnsOk","DisplayName":"CodeChallenge.UnitTests.Controllers.DirectorControllerTests.CreateDirector_ReturnsOk","ExecutorUri":"executor://xunit/VsTestRunner2/netcoreapp","Source":"D:\\Interview\\CodeChallenge.UnitTests\\bin\\Debug\\net6.0\\fine-code-coverage\\build-output\\CodeChallenge.UnitTests.dll","CodeFilePath":null,"LineNumber":0,"Properties":[]},"Attachments":[],"Outcome":1,"ErrorMessage":null,"ErrorStackTrace":null,"DisplayName":"CodeChallenge.UnitTests.Controllers.DirectorControllerTests.CreateDirector_ReturnsOk","Messages":[],"ComputerName":"DESKTOP-100INJV","Duration":"00:00:00.0029925","StartTime":"2023-03-20T14:42:29.1386403+00:00","EndTime":"2023-03-20T14:42:29.1386406+00:00","Properties":[]},{"TestCase":{"Id":"d38b824b-245c-6072-e77c-9e68e64216f7","FullyQualifiedName":"CodeChallenge.UnitTests.Controllers.DirectorControllerTests.CreateDirector_ReturnsNotFound","DisplayName":"CodeChallenge.UnitTests.Controllers.DirectorControllerTests.CreateDirector_ReturnsNotFound","ExecutorUri":"executor://xunit/VsTestRunner2/netcoreapp","Source":"D:\\Interview\\CodeChallenge.UnitTests\\bin\\Debug\\net6.0\\fine-code-coverage\\build-output\\CodeChallenge.UnitTests.dll","CodeFilePath":null,"LineNumber":0,"Properties":[]},"Attachments":[],"Outcome":1,"ErrorMessage":null,"ErrorStackTrace":null,"DisplayName":"CodeChallenge.UnitTests.Controllers.DirectorControllerTests.CreateDirector_ReturnsNotFound","Messages":[],"ComputerName":"DESKTOP-100INJV","Duration":"00:00:00.0018158","StartTime":"2023-03-20T14:42:29.1441991+00:00","EndTime":"2023-03-20T14:42:29.1441994+00:00","Properties":[]},{"TestCase":{"Id":"314be9a3-8c73-706b-d786-2d46e1f2818b","FullyQualifiedName":"CodeChallenge.UnitTests.Controllers.DirectorControllerTests.GetDirectorById_WithDirectorIdNotCorrect_ReturnsNotFound","DisplayName":"CodeChallenge.UnitTests.Controllers.DirectorControllerTests.GetDirectorById_WithDirectorIdNotCorrect_ReturnsNotFound","ExecutorUri":"executor://xunit/VsTestRunner2/netcoreapp","Source":"D:\\Interview\\CodeChallenge.UnitTests\\bin\\Debug\\net6.0\\fine-code-coverage\\build-output\\CodeChallenge.UnitTests.dll","CodeFilePath":null,"LineNumber":0,"Properties":[]},"Attachments":[],"Outcome":1,"ErrorMessage":null,"ErrorStackTrace":null,"DisplayName":"CodeChallenge.UnitTests.Controllers.DirectorControllerTests.GetDirectorById_WithDirectorIdNotCorrect_ReturnsNotFound","Messages":[],"ComputerName":"DESKTOP-100INJV","Duration":"00:00:00.0015121","StartTime":"2023-03-20T14:42:29.1465378+00:00","EndTime":"2023-03-20T14:42:29.146538+00:00","Properties":[]}],"TestRunStatistics":{"ExecutedTests":31,"Stats":{"Passed":31}},"ActiveTests":[]},"RunAttachments":[],"ExecutorUris":["executor://xunit/VsTestRunner2/netcoreapp"]}}
TpTrace Verbose: 0 : 12284, 13, 2023/03/20, 21:42:29.163, 3002836337883, vstest.console.dll, TestRequestSender.EndSession: Sending end session.
TpTrace Verbose: 0 : 12284, 13, 2023/03/20, 21:42:29.164, 3002836339940, vstest.console.dll, ProxyOperationManager.Close: waiting for test host to exit for 100 ms
TpTrace Warning: 0 : 12284, 11, 2023/03/20, 21:42:29.199, 3002836689395, vstest.console.dll, TestHostManagerCallbacks.ErrorReceivedCallback Test host standard error line: 
TpTrace Verbose: 0 : 12284, 11, 2023/03/20, 21:42:29.213, 3002836833754, vstest.console.dll, TestHostProvider.ExitCallBack: Host exited starting callback.
TpTrace Information: 0 : 12284, 11, 2023/03/20, 21:42:29.213, 3002836835494, vstest.console.dll, TestHostManagerCallbacks.ExitCallBack: Testhost processId: 1908 exited with exitcode: 0 error: ''
TpTrace Verbose: 0 : 12284, 11, 2023/03/20, 21:42:29.213, 3002836835906, vstest.console.dll, DotnetTestHostManager.OnHostExited: invoking OnHostExited callback
TpTrace Verbose: 0 : 12284, 11, 2023/03/20, 21:42:29.213, 3002836836356, vstest.console.dll, CrossPlatEngine.TestHostManagerHostExited: calling on client process exit callback.
TpTrace Information: 0 : 12284, 11, 2023/03/20, 21:42:29.213, 3002836836795, vstest.console.dll, TestRequestSender.OnClientProcessExit: Test host process exited. Standard error: 
TpTrace Information: 0 : 12284, 11, 2023/03/20, 21:42:29.213, 3002836837156, vstest.console.dll, SocketServer.Stop: Stop server endPoint: 127.0.0.1:64610
TpTrace Information: 0 : 12284, 11, 2023/03/20, 21:42:29.213, 3002836837476, vstest.console.dll, SocketServer.Stop: Cancellation requested. Stopping message loop.
TpTrace Information: 0 : 12284, 13, 2023/03/20, 21:42:29.213, 3002836837832, vstest.console.dll, SocketServer.Stop: Stop server endPoint: 127.0.0.1:64610
TpTrace Information: 0 : 12284, 13, 2023/03/20, 21:42:29.214, 3002836838694, vstest.console.dll, SocketServer.Stop: Cancellation requested. Stopping message loop.
TpTrace Verbose: 0 : 12284, 11, 2023/03/20, 21:42:29.213, 3002836838143, vstest.console.dll, MulticastDelegateUtilities.SafeInvoke: HostProviderEvents.OnHostExited: Invoking callback 1/1 for Microsoft.VisualStudio.TestPlatform.CrossPlatEngine.Client.ProxyOperationManager., took 0 ms.
TpTrace Information: 0 : 12284, 13, 2023/03/20, 21:42:29.214, 3002836839209, vstest.console.dll, Closing the connection
TpTrace Verbose: 0 : 12284, 13, 2023/03/20, 21:42:29.214, 3002836841738, vstest.console.dll, ProxyDataCollectionManager.InvokeDataCollectionServiceAction: Starting.
TpTrace Information: 0 : 12284, 13, 2023/03/20, 21:42:29.214, 3002836842323, vstest.console.dll, ProxyDataCollectionManager.AfterTestRunEnd: Get attachment set and invoked data collectors processId: 27704 port: 64607
TpTrace Verbose: 0 : 12284, 13, 2023/03/20, 21:42:29.214, 3002836842835, vstest.console.dll, DataCollectionRequestSender.SendAfterTestRunStartAndGetResult: Send AfterTestRunEnd message with isCancelled: False
TpTrace Verbose: 0 : 12284, 13, 2023/03/20, 21:42:29.222, 3002836925077, vstest.console.dll, DataCollectionRequestSender.SendAfterTestRunStartAndGetResult: Received message: (DataCollection.AfterTestRunEndResult) -> {"MessageType":"DataCollection.AfterTestRunEndResult","Payload":{"AttachmentSets":[],"InvokedDataCollectors":[{"Uri":"datacollector://Microsoft/TestPlatform/Extensions/Blame/v1","FriendlyName":"Blame","AssemblyQualifiedName":"Microsoft.TestPlatform.Extensions.BlameDataCollector.BlameCollector, Microsoft.TestPlatform.Extensions.BlameDataCollector, Version=15.0.0.0, Culture=neutral, PublicKeyToken=b03f5f7f11d50a3a","FilePath":"C:\\Program Files\\dotnet\\sdk\\7.0.102\\Extensions\\Microsoft.TestPlatform.Extensions.BlameDataCollector.dll","HasAttachmentProcessor":false}],"Metrics":{}}}
TpTrace Warning: 0 : 12284, 9, 2023/03/20, 21:42:29.234, 3002837041058, vstest.console.dll, DataCollectionLauncher.ErrorReceivedCallback datacollector standard error line: 
TpTrace Information: 0 : 12284, 9, 2023/03/20, 21:42:29.236, 3002837059004, vstest.console.dll, DataCollectionLauncher.ExitCallBack: Data collector exited with exitcode: 0 error: ''
TpTrace Information: 0 : 12284, 13, 2023/03/20, 21:42:29.238, 3002837083590, vstest.console.dll, ProxyDataCollectionManager.InvokeDataCollectionServiceAction: Completed.
TpTrace Verbose: 0 : 12284, 13, 2023/03/20, 21:42:29.281, 3002837517384, vstest.console.dll, TestRunRequest:SendTestRunStatsChange: Starting.
TpTrace Verbose: 0 : 12284, 13, 2023/03/20, 21:42:29.282, 3002837518689, vstest.console.dll, MulticastDelegateUtilities.SafeInvoke: TestRun.RunStatsChanged: Invoking callbacks was skipped because there are no subscribers.
TpTrace Information: 0 : 12284, 13, 2023/03/20, 21:42:29.282, 3002837518968, vstest.console.dll, TestRunRequest:SendTestRunStatsChange: Completed.
TpTrace Verbose: 0 : 12284, 4, 2023/03/20, 21:42:29.282, 3002837519409, vstest.console.dll, MulticastDelegateUtilities.SafeInvoke: InternalTestLoggerEvents.SendTestResult: Invoking callback 1/1 for Microsoft.VisualStudio.TestPlatform.CommandLine.Internal.ConsoleLogger., took 0 ms.
TpTrace Verbose: 0 : 12284, 4, 2023/03/20, 21:42:29.282, 3002837520007, vstest.console.dll, MulticastDelegateUtilities.SafeInvoke: InternalTestLoggerEvents.SendTestResult: Invoking callback 1/1 for Microsoft.VisualStudio.TestPlatform.CommandLine.Internal.ConsoleLogger., took 0 ms.
TpTrace Verbose: 0 : 12284, 4, 2023/03/20, 21:42:29.282, 3002837520359, vstest.console.dll, MulticastDelegateUtilities.SafeInvoke: InternalTestLoggerEvents.SendTestResult: Invoking callback 1/1 for Microsoft.VisualStudio.TestPlatform.CommandLine.Internal.ConsoleLogger., took 0 ms.
TpTrace Verbose: 0 : 12284, 4, 2023/03/20, 21:42:29.282, 3002837520809, vstest.console.dll, MulticastDelegateUtilities.SafeInvoke: InternalTestLoggerEvents.SendTestResult: Invoking callback 1/1 for Microsoft.VisualStudio.TestPlatform.CommandLine.Internal.ConsoleLogger., took 0 ms.
TpTrace Verbose: 0 : 12284, 4, 2023/03/20, 21:42:29.282, 3002837521215, vstest.console.dll, MulticastDelegateUtilities.SafeInvoke: InternalTestLoggerEvents.SendTestResult: Invoking callback 1/1 for Microsoft.VisualStudio.TestPlatform.CommandLine.Internal.ConsoleLogger., took 0 ms.
TpTrace Verbose: 0 : 12284, 4, 2023/03/20, 21:42:29.282, 3002837521564, vstest.console.dll, MulticastDelegateUtilities.SafeInvoke: InternalTestLoggerEvents.SendTestResult: Invoking callback 1/1 for Microsoft.VisualStudio.TestPlatform.CommandLine.Internal.ConsoleLogger., took 0 ms.
TpTrace Verbose: 0 : 12284, 4, 2023/03/20, 21:42:29.282, 3002837521963, vstest.console.dll, MulticastDelegateUtilities.SafeInvoke: InternalTestLoggerEvents.SendTestResult: Invoking callback 1/1 for Microsoft.VisualStudio.TestPlatform.CommandLine.Internal.ConsoleLogger., took 0 ms.
TpTrace Verbose: 0 : 12284, 13, 2023/03/20, 21:42:29.282, 3002837523524, vstest.console.dll, ParallelProxyExecutionManager: HandlePartialRunComplete: Total completed clients = 1, Run complete = True, Run canceled: False.
TpTrace Verbose: 0 : 12284, 4, 2023/03/20, 21:42:29.296, 3002837661576, vstest.console.dll, MulticastDelegateUtilities.SafeInvoke: InternalTestLoggerEvents.SendTestRunComplete: Invoking callback 1/2 for Microsoft.TestPlatform.Extensions.BlameDataCollector.BlameLogger., took 0 ms.
TpTrace Verbose: 0 : 12284, 4, 2023/03/20, 21:42:29.301, 3002837715238, vstest.console.dll, MulticastDelegateUtilities.SafeInvoke: InternalTestLoggerEvents.SendTestRunComplete: Invoking callback 2/2 for Microsoft.VisualStudio.TestPlatform.CommandLine.Internal.ConsoleLogger., took 5 ms.
TpTrace Verbose: 0 : 12284, 13, 2023/03/20, 21:42:29.302, 3002837719950, vstest.console.dll, TestRunRequest:TestRunComplete: Starting. IsAborted:False IsCanceled:False.
TpTrace Verbose: 0 : 12284, 13, 2023/03/20, 21:42:29.303, 3002837732238, vstest.console.dll, TestLoggerManager.HandleTestRunComplete: Ignoring as the object is disposed.
TpTrace Verbose: 0 : 12284, 13, 2023/03/20, 21:42:29.303, 3002837734927, vstest.console.dll, MulticastDelegateUtilities.SafeInvoke: TestRun.TestRunComplete: Invoking callback 1/2 for Microsoft.VisualStudio.TestPlatform.CommandLine.TestRunResultAggregator., took 0 ms.
TpTrace Verbose: 0 : 12284, 13, 2023/03/20, 21:42:29.303, 3002837736271, vstest.console.dll, MulticastDelegateUtilities.SafeInvoke: TestRun.TestRunComplete: Invoking callback 2/2 for Microsoft.VisualStudio.TestPlatform.CommandLine.Processors.RunTestsArgumentExecutor+TestRunRequestEventsRegistrar., took 0 ms.
TpTrace Information: 0 : 12284, 13, 2023/03/20, 21:42:29.303, 3002837737230, vstest.console.dll, TestRunRequest:TestRunComplete: Completed.
TpTrace Verbose: 0 : 12284, 13, 2023/03/20, 21:42:29.303, 3002837737598, vstest.console.dll, TestRequestSender.SetOperationComplete: Setting operation complete.
TpTrace Verbose: 0 : 12284, 1, 2023/03/20, 21:42:29.303, 3002837737805, vstest.console.dll, TestRunRequest.Dispose: Starting.
TpTrace Information: 0 : 12284, 13, 2023/03/20, 21:42:29.303, 3002837737837, vstest.console.dll, SocketServer.Stop: Stop server endPoint: 127.0.0.1:64610
TpTrace Information: 0 : 12284, 13, 2023/03/20, 21:42:29.304, 3002837738805, vstest.console.dll, SocketServer.Stop: Cancellation requested. Stopping message loop.
TpTrace Information: 0 : 12284, 1, 2023/03/20, 21:42:29.303, 3002837738412, vstest.console.dll, TestRunRequest.Dispose: Completed.
TpTrace Verbose: 0 : 12284, 13, 2023/03/20, 21:42:29.304, 3002837739178, vstest.console.dll, MulticastDelegateUtilities.SafeInvoke: LengthPrefixCommunicationChannel: MessageReceived: Invoking callback 1/1 for Microsoft.VisualStudio.TestPlatform.CommunicationUtilities.TestRequestSender+<>c__DisplayClass31_0., took 140 ms.
TpTrace Information: 0 : 12284, 1, 2023/03/20, 21:42:29.304, 3002837739542, vstest.console.dll, TestRequestManager.RunTests: run tests completed.
TpTrace Information: 0 : 12284, 13, 2023/03/20, 21:42:29.304, 3002837740599, vstest.console.dll, SocketServer.PrivateStop: Stopping server endPoint: 127.0.0.1:64610 error: 
TpTrace Information: 0 : 12284, 1, 2023/03/20, 21:42:29.304, 3002837742116, vstest.console.dll, RunTestsArgumentProcessor:Execute: Test run is completed.
TpTrace Verbose: 0 : 12284, 1, 2023/03/20, 21:42:29.304, 3002837744069, vstest.console.dll, Executor.Execute: Exiting with exit code of 0
TpTrace Verbose: 0 : 12284, 13, 2023/03/20, 21:42:29.304, 3002837745780, vstest.console.dll, LengthPrefixCommunicationChannel.Dispose: Dispose reader and writer.
TpTrace Information: 0 : 12284, 13, 2023/03/20, 21:42:29.304, 3002837746580, vstest.console.dll, SocketServer.Stop: Raise disconnected event endPoint: 127.0.0.1:64610 error: 
TpTrace Verbose: 0 : 12284, 13, 2023/03/20, 21:42:29.304, 3002837747743, vstest.console.dll, TestRequestSender: OnTestRunAbort: Operation is already complete. Skip error message.
TpTrace Verbose: 0 : 12284, 13, 2023/03/20, 21:42:29.304, 3002837748132, vstest.console.dll, MulticastDelegateUtilities.SafeInvoke: SocketServer: ClientDisconnected: Invoking callback 1/1 for Microsoft.VisualStudio.TestPlatform.CommunicationUtilities.TestRequestSender., took 0 ms.
TpTrace Verbose: 0 : 12284, 13, 2023/03/20, 21:42:29.304, 3002837748426, vstest.console.dll, TcpClientExtensions.MessageLoopAsync: exiting MessageLoopAsync remoteEndPoint: 127.0.0.1:64611 localEndPoint: 127.0.0.1:64610
